Sender: LSF System <lsfadmin@n090>
Subject: Job 8101436: <./30sin_bigmem6> in cluster <mk2> Done

Job <./30sin_bigmem6> was submitted from host <login4> by user <lalintha> in cluster <mk2>.
Job was executed on host(s) <4*n090>, in queue <bigmem>, as user <lalintha> in cluster <mk2>.
                            <1*n088>
                            <2*n092>
                            <8*n094>
                            <1*n128>
</nethome/lalintha> was used as the home directory.
</scratch/projects/premaratne/lalintha/Conditional-Computation-Library/conditionals> was used as the working directory.
Started at Thu Feb  9 23:05:46 2017
Results reported on Fri Feb 10 05:05:47 2017

Your job looked like:

------------------------------------------------------------
# LSBATCH: User input
./30sin_bigmem6
------------------------------------------------------------

Successfully completed.

Resource usage summary:

    CPU time :                                   21653.73 sec.
    Max Memory :                                 32770 MB
    Average Memory :                             21740.51 MB
    Total Requested Memory :                     -
    Delta Memory :                               -
    Max Swap :                                   32907 MB
    Max Processes :                              3
    Max Threads :                                4

The output (if any) follows:

Fod size: 30	|A|: 5	|B|: 4		Time spent: 1.55298e+07
Fod size: 30	|A|: 6	|B|: 4		Time spent: 7.6835e+06
Fod size: 30	|A|: 7	|B|: 4		Time spent: 3.7978e+06
Fod size: 30	|A|: 8	|B|: 4		Time spent: 2.1612e+06
Fod size: 30	|A|: 9	|B|: 4		Time spent: 1.2499e+06
Fod size: 30	|A|: 9	|B|: 8		Time spent: 1.64066e+07
Fod size: 30	|A|: 10	|B|: 4		Time spent: 720900
Fod size: 30	|A|: 10	|B|: 8		Time spent: 1.00301e+07
Fod size: 30	|A|: 11	|B|: 4		Time spent: 682900
Fod size: 30	|A|: 11	|B|: 8		Time spent: 9.2534e+06
Fod size: 30	|A|: 12	|B|: 4		Time spent: 259100
Fod size: 30	|A|: 12	|B|: 8		Time spent: 3.3298e+06
Fod size: 30	|A|: 13	|B|: 4		Time spent: 110000
Fod size: 30	|A|: 13	|B|: 8		Time spent: 1.4071e+06
Fod size: 30	|A|: 13	|B|: 12		Time spent: 1.85201e+07
Fod size: 30	|A|: 14	|B|: 4		Time spent: 41500
Fod size: 30	|A|: 14	|B|: 8		Time spent: 392400
Fod size: 30	|A|: 14	|B|: 12		Time spent: 5.0279e+06
Fod size: 30	|A|: 15	|B|: 4		Time spent: 20700
Fod size: 30	|A|: 15	|B|: 8		Time spent: 182400
Fod size: 30	|A|: 15	|B|: 12		Time spent: 2.0626e+06
Fod size: 30	|A|: 16	|B|: 4		Time spent: 10200
Fod size: 30	|A|: 16	|B|: 8		Time spent: 94500
Fod size: 30	|A|: 16	|B|: 12		Time spent: 1.0251e+06
Fod size: 30	|A|: 17	|B|: 4		Time spent: 4500
Fod size: 30	|A|: 17	|B|: 8		Time spent: 53200
Fod size: 30	|A|: 17	|B|: 12		Time spent: 563200
Fod size: 30	|A|: 17	|B|: 16		Time spent: 6.8957e+06
Fod size: 30	|A|: 18	|B|: 4		Time spent: 2100
Fod size: 30	|A|: 18	|B|: 8		Time spent: 28300
Fod size: 30	|A|: 18	|B|: 12		Time spent: 347200
Fod size: 30	|A|: 18	|B|: 16		Time spent: 4.1456e+06
Fod size: 30	|A|: 19	|B|: 4		Time spent: 700
Fod size: 30	|A|: 19	|B|: 8		Time spent: 9900
Fod size: 30	|A|: 19	|B|: 12		Time spent: 134800
Fod size: 30	|A|: 19	|B|: 16		Time spent: 1.851e+06
Fod size: 30	|A|: 20	|B|: 4		Time spent: 500
Fod size: 30	|A|: 20	|B|: 8		Time spent: 7500
Fod size: 30	|A|: 20	|B|: 12		Time spent: 105100
Fod size: 30	|A|: 20	|B|: 16		Time spent: 1.2796e+06
Fod size: 30	|A|: 21	|B|: 4		Time spent: 200
Fod size: 30	|A|: 21	|B|: 8		Time spent: 3700
Fod size: 30	|A|: 21	|B|: 12		Time spent: 52300
Fod size: 30	|A|: 21	|B|: 16		Time spent: 730400
Fod size: 30	|A|: 21	|B|: 20		Time spent: 8.3568e+06
Fod size: 30	|A|: 22	|B|: 4		Time spent: 100
Fod size: 30	|A|: 22	|B|: 8		Time spent: 1600
Fod size: 30	|A|: 22	|B|: 12		Time spent: 26300
Fod size: 30	|A|: 22	|B|: 16		Time spent: 363300
Fod size: 30	|A|: 22	|B|: 20		Time spent: 4.9629e+06
Fod size: 30	|A|: 23	|B|: 4		Time spent: 0
Fod size: 30	|A|: 23	|B|: 8		Time spent: 600
Fod size: 30	|A|: 23	|B|: 12		Time spent: 10300
Fod size: 30	|A|: 23	|B|: 16		Time spent: 180100
Fod size: 30	|A|: 23	|B|: 20		Time spent: 2.505e+06
Fod size: 30	|A|: 24	|B|: 4		Time spent: 0
Fod size: 30	|A|: 24	|B|: 8		Time spent: 200
Fod size: 30	|A|: 24	|B|: 12		Time spent: 3600
Fod size: 30	|A|: 24	|B|: 16		Time spent: 88400
Fod size: 30	|A|: 24	|B|: 20		Time spent: 1.3003e+06
Fod size: 30	|A|: 25	|B|: 4		Time spent: 0
Fod size: 30	|A|: 25	|B|: 8		Time spent: 100
Fod size: 30	|A|: 25	|B|: 12		Time spent: 1700
Fod size: 30	|A|: 25	|B|: 16		Time spent: 29200
Fod size: 30	|A|: 25	|B|: 20		Time spent: 441500
Fod size: 30	|A|: 25	|B|: 24		Time spent: 5.4915e+06
Fod size: 30	|A|: 26	|B|: 4		Time spent: 0
Fod size: 30	|A|: 26	|B|: 8		Time spent: 0
Fod size: 30	|A|: 26	|B|: 12		Time spent: 900
Fod size: 30	|A|: 26	|B|: 16		Time spent: 12100
Fod size: 30	|A|: 26	|B|: 20		Time spent: 183700
Fod size: 30	|A|: 26	|B|: 24		Time spent: 2.5809e+06
Fod size: 30	|A|: 27	|B|: 4		Time spent: 0
Fod size: 30	|A|: 27	|B|: 8		Time spent: 0
Fod size: 30	|A|: 27	|B|: 12		Time spent: 400
Fod size: 30	|A|: 27	|B|: 16		Time spent: 6000
Fod size: 30	|A|: 27	|B|: 20		Time spent: 88600
Fod size: 30	|A|: 27	|B|: 24		Time spent: 1.394e+06
Fod size: 30	|A|: 28	|B|: 4		Time spent: 0
Fod size: 30	|A|: 28	|B|: 8		Time spent: 0
Fod size: 30	|A|: 28	|B|: 12		Time spent: 200
Fod size: 30	|A|: 28	|B|: 16		Time spent: 3100
Fod size: 30	|A|: 28	|B|: 20		Time spent: 48800
Fod size: 30	|A|: 28	|B|: 24		Time spent: 781100
Fod size: 30	|A|: 29	|B|: 4		Time spent: 0
Fod size: 30	|A|: 29	|B|: 8		Time spent: 0
Fod size: 30	|A|: 29	|B|: 12		Time spent: 100
Fod size: 30	|A|: 29	|B|: 16		Time spent: 2100
Fod size: 30	|A|: 29	|B|: 20		Time spent: 32800
Fod size: 30	|A|: 29	|B|: 24		Time spent: 529600
Fod size: 30	|A|: 29	|B|: 28		Time spent: 8.53e+06
Fod size: 30	|A|: 30	|B|: 4		Time spent: 0
Fod size: 30	|A|: 30	|B|: 8		Time spent: 0
Fod size: 30	|A|: 30	|B|: 12		Time spent: 100
Fod size: 30	|A|: 30	|B|: 16		Time spent: 1600
Fod size: 30	|A|: 30	|B|: 20		Time spent: 25600
Fod size: 30	|A|: 30	|B|: 24		Time spent: 424500
Fod size: 30	|A|: 30	|B|: 28		Time spent: 6.736e+06
