Sender: LSF System <lsfadmin@n094>
Subject: Job 8101440: <./30sin_bigmem10> in cluster <mk2> Done

Job <./30sin_bigmem10> was submitted from host <login4> by user <lalintha> in cluster <mk2>.
Job was executed on host(s) <8*n094>, in queue <bigmem>, as user <lalintha> in cluster <mk2>.
                            <2*n092>
                            <5*n090>
                            <1*n088>
</nethome/lalintha> was used as the home directory.
</scratch/projects/premaratne/lalintha/Conditional-Computation-Library/conditionals> was used as the working directory.
Started at Fri Feb 10 05:05:48 2017
Results reported on Fri Feb 10 15:51:04 2017

Your job looked like:

------------------------------------------------------------
# LSBATCH: User input
./30sin_bigmem10
------------------------------------------------------------

Successfully completed.

Resource usage summary:

    CPU time :                                   26437.37 sec.
    Max Memory :                                 32770 MB
    Average Memory :                             21316.00 MB
    Total Requested Memory :                     -
    Delta Memory :                               -
    Max Swap :                                   32907 MB
    Max Processes :                              3
    Max Threads :                                4

The output (if any) follows:

Fod size: 30	|A|: 5	|B|: 4		Time spent: 1.28292e+07
Fod size: 30	|A|: 6	|B|: 4		Time spent: 7.7627e+06
Fod size: 30	|A|: 7	|B|: 4		Time spent: 5.1614e+06
Fod size: 30	|A|: 8	|B|: 4		Time spent: 2.6933e+06
Fod size: 30	|A|: 9	|B|: 4		Time spent: 1.7983e+06
Fod size: 30	|A|: 9	|B|: 8		Time spent: 2.29595e+07
Fod size: 30	|A|: 10	|B|: 4		Time spent: 1.0325e+06
Fod size: 30	|A|: 10	|B|: 8		Time spent: 1.26641e+07
Fod size: 30	|A|: 11	|B|: 4		Time spent: 708300
Fod size: 30	|A|: 11	|B|: 8		Time spent: 8.8172e+06
Fod size: 30	|A|: 12	|B|: 4		Time spent: 231900
Fod size: 30	|A|: 12	|B|: 8		Time spent: 2.6934e+06
Fod size: 30	|A|: 13	|B|: 4		Time spent: 79700
Fod size: 30	|A|: 13	|B|: 8		Time spent: 1.1574e+06
Fod size: 30	|A|: 13	|B|: 12		Time spent: 1.97299e+07
Fod size: 30	|A|: 14	|B|: 4		Time spent: 34500
Fod size: 30	|A|: 14	|B|: 8		Time spent: 383500
Fod size: 30	|A|: 14	|B|: 12		Time spent: 8.8379e+06
Fod size: 30	|A|: 15	|B|: 4		Time spent: 26600
Fod size: 30	|A|: 15	|B|: 8		Time spent: 426700
Fod size: 30	|A|: 15	|B|: 12		Time spent: 4.7218e+06
Fod size: 30	|A|: 16	|B|: 4		Time spent: 17900
Fod size: 30	|A|: 16	|B|: 8		Time spent: 170400
Fod size: 30	|A|: 16	|B|: 12		Time spent: 1.8176e+06
Fod size: 30	|A|: 17	|B|: 4		Time spent: 4400
Fod size: 30	|A|: 17	|B|: 8		Time spent: 59700
Fod size: 30	|A|: 17	|B|: 12		Time spent: 846400
Fod size: 30	|A|: 17	|B|: 16		Time spent: 1.45389e+07
Fod size: 30	|A|: 18	|B|: 4		Time spent: 2800
Fod size: 30	|A|: 18	|B|: 8		Time spent: 32300
Fod size: 30	|A|: 18	|B|: 12		Time spent: 459600
Fod size: 30	|A|: 18	|B|: 16		Time spent: 6.5985e+06
Fod size: 30	|A|: 19	|B|: 4		Time spent: 1100
Fod size: 30	|A|: 19	|B|: 8		Time spent: 15100
Fod size: 30	|A|: 19	|B|: 12		Time spent: 270900
Fod size: 30	|A|: 19	|B|: 16		Time spent: 4.0809e+06
Fod size: 30	|A|: 20	|B|: 4		Time spent: 600
Fod size: 30	|A|: 20	|B|: 8		Time spent: 7500
Fod size: 30	|A|: 20	|B|: 12		Time spent: 114200
Fod size: 30	|A|: 20	|B|: 16		Time spent: 1.8715e+06
Fod size: 30	|A|: 21	|B|: 4		Time spent: 300
Fod size: 30	|A|: 21	|B|: 8		Time spent: 3700
Fod size: 30	|A|: 21	|B|: 12		Time spent: 61100
Fod size: 30	|A|: 21	|B|: 16		Time spent: 968200
Fod size: 30	|A|: 21	|B|: 20		Time spent: 1.49769e+07
Fod size: 30	|A|: 22	|B|: 4		Time spent: 100
Fod size: 30	|A|: 22	|B|: 8		Time spent: 2100
Fod size: 30	|A|: 22	|B|: 12		Time spent: 34200
Fod size: 30	|A|: 22	|B|: 16		Time spent: 547500
Fod size: 30	|A|: 22	|B|: 20		Time spent: 8.0918e+06
Fod size: 30	|A|: 23	|B|: 4		Time spent: 100
Fod size: 30	|A|: 23	|B|: 8		Time spent: 1100
Fod size: 30	|A|: 23	|B|: 12		Time spent: 18600
Fod size: 30	|A|: 23	|B|: 16		Time spent: 276700
Fod size: 30	|A|: 23	|B|: 20		Time spent: 3.7863e+06
Fod size: 30	|A|: 24	|B|: 4		Time spent: 0
Fod size: 30	|A|: 24	|B|: 8		Time spent: 300
Fod size: 30	|A|: 24	|B|: 12		Time spent: 6300
Fod size: 30	|A|: 24	|B|: 16		Time spent: 104900
Fod size: 30	|A|: 24	|B|: 20		Time spent: 1.4655e+06
Fod size: 30	|A|: 25	|B|: 4		Time spent: 0
Fod size: 30	|A|: 25	|B|: 8		Time spent: 100
Fod size: 30	|A|: 25	|B|: 12		Time spent: 2000
Fod size: 30	|A|: 25	|B|: 16		Time spent: 30400
Fod size: 30	|A|: 25	|B|: 20		Time spent: 489300
Fod size: 30	|A|: 25	|B|: 24		Time spent: 6.9577e+06
Fod size: 30	|A|: 26	|B|: 4		Time spent: 0
Fod size: 30	|A|: 26	|B|: 8		Time spent: 100
Fod size: 30	|A|: 26	|B|: 12		Time spent: 1100
Fod size: 30	|A|: 26	|B|: 16		Time spent: 17500
Fod size: 30	|A|: 26	|B|: 20		Time spent: 219500
Fod size: 30	|A|: 26	|B|: 24		Time spent: 3.2752e+06
Fod size: 30	|A|: 27	|B|: 4		Time spent: 0
Fod size: 30	|A|: 27	|B|: 8		Time spent: 0
Fod size: 30	|A|: 27	|B|: 12		Time spent: 500
Fod size: 30	|A|: 27	|B|: 16		Time spent: 7500
Fod size: 30	|A|: 27	|B|: 20		Time spent: 104000
Fod size: 30	|A|: 27	|B|: 24		Time spent: 1.5114e+06
Fod size: 30	|A|: 28	|B|: 4		Time spent: 0
Fod size: 30	|A|: 28	|B|: 8		Time spent: 0
Fod size: 30	|A|: 28	|B|: 12		Time spent: 300
Fod size: 30	|A|: 28	|B|: 16		Time spent: 3800
Fod size: 30	|A|: 28	|B|: 20		Time spent: 55600
Fod size: 30	|A|: 28	|B|: 24		Time spent: 862300
Fod size: 30	|A|: 29	|B|: 4		Time spent: 0
Fod size: 30	|A|: 29	|B|: 8		Time spent: 0
Fod size: 30	|A|: 29	|B|: 12		Time spent: 200
Fod size: 30	|A|: 29	|B|: 16		Time spent: 2400
Fod size: 30	|A|: 29	|B|: 20		Time spent: 37100
Fod size: 30	|A|: 29	|B|: 24		Time spent: 588900
Fod size: 30	|A|: 29	|B|: 28		Time spent: 9.3211e+06
Fod size: 30	|A|: 30	|B|: 4		Time spent: 0
Fod size: 30	|A|: 30	|B|: 8		Time spent: 0
Fod size: 30	|A|: 30	|B|: 12		Time spent: 200
Fod size: 30	|A|: 30	|B|: 16		Time spent: 1700
Fod size: 30	|A|: 30	|B|: 20		Time spent: 28700
Fod size: 30	|A|: 30	|B|: 24		Time spent: 436300
Fod size: 30	|A|: 30	|B|: 28		Time spent: 7.2101e+06
