Sender: LSF System <lsfadmin@n132>
Subject: Job 8126412: <./30sin_bigmem_1000> in cluster <mk2> Done

Job <./30sin_bigmem_1000> was submitted from host <login3> by user <lalintha> in cluster <mk2>.
Job was executed on host(s) <9*n132>, in queue <bigmem>, as user <lalintha> in cluster <mk2>.
                            <6*n131>
                            <1*n129>
</nethome/lalintha> was used as the home directory.
</scratch/projects/premaratne/lalintha/Conditional-Computation-Library/conditionals> was used as the working directory.
Started at Fri Feb 10 12:59:27 2017
Results reported on Sun Feb 12 11:59:20 2017

Your job looked like:

------------------------------------------------------------
# LSBATCH: User input
./30sin_bigmem_1000
------------------------------------------------------------

Successfully completed.

Resource usage summary:

    CPU time :                                   154669.08 sec.
    Max Memory :                                 32772 MB
    Average Memory :                             19751.68 MB
    Total Requested Memory :                     -
    Delta Memory :                               -
    Max Swap :                                   32907 MB
    Max Processes :                              3
    Max Threads :                                4

The output (if any) follows:

Fod size: 30	|A|: 5	|B|: 4		Time spent: 1.59868e+07
Fod size: 30	|A|: 6	|B|: 4		Time spent: 9.67427e+06
Fod size: 30	|A|: 7	|B|: 4		Time spent: 4.81749e+06
Fod size: 30	|A|: 8	|B|: 4		Time spent: 2.28919e+06
Fod size: 30	|A|: 9	|B|: 4		Time spent: 1.31802e+06
Fod size: 30	|A|: 9	|B|: 8		Time spent: 1.60754e+07
Fod size: 30	|A|: 10	|B|: 4		Time spent: 789740
Fod size: 30	|A|: 10	|B|: 8		Time spent: 9.33409e+06
Fod size: 30	|A|: 11	|B|: 4		Time spent: 406050
Fod size: 30	|A|: 11	|B|: 8		Time spent: 5.30509e+06
Fod size: 30	|A|: 12	|B|: 4		Time spent: 206380
Fod size: 30	|A|: 12	|B|: 8		Time spent: 2.56476e+06
Fod size: 30	|A|: 13	|B|: 4		Time spent: 98990
Fod size: 30	|A|: 13	|B|: 8		Time spent: 1.13778e+06
Fod size: 30	|A|: 13	|B|: 12		Time spent: 1.29529e+07
Fod size: 30	|A|: 14	|B|: 4		Time spent: 28610
Fod size: 30	|A|: 14	|B|: 8		Time spent: 290590
Fod size: 30	|A|: 14	|B|: 12		Time spent: 3.85077e+06
Fod size: 30	|A|: 15	|B|: 4		Time spent: 21340
Fod size: 30	|A|: 15	|B|: 8		Time spent: 188390
Fod size: 30	|A|: 15	|B|: 12		Time spent: 1.89359e+06
Fod size: 30	|A|: 16	|B|: 4		Time spent: 10070
Fod size: 30	|A|: 16	|B|: 8		Time spent: 98120
Fod size: 30	|A|: 16	|B|: 12		Time spent: 1.01455e+06
Fod size: 30	|A|: 17	|B|: 4		Time spent: 4630
Fod size: 30	|A|: 17	|B|: 8		Time spent: 51920
Fod size: 30	|A|: 17	|B|: 12		Time spent: 580500
Fod size: 30	|A|: 17	|B|: 16		Time spent: 6.36695e+06
Fod size: 30	|A|: 18	|B|: 4		Time spent: 2180
Fod size: 30	|A|: 18	|B|: 8		Time spent: 29640
Fod size: 30	|A|: 18	|B|: 12		Time spent: 354450
Fod size: 30	|A|: 18	|B|: 16		Time spent: 3.97575e+06
Fod size: 30	|A|: 19	|B|: 4		Time spent: 860
Fod size: 30	|A|: 19	|B|: 8		Time spent: 14230
Fod size: 30	|A|: 19	|B|: 12		Time spent: 186940
Fod size: 30	|A|: 19	|B|: 16		Time spent: 2.10237e+06
Fod size: 30	|A|: 20	|B|: 4		Time spent: 460
Fod size: 30	|A|: 20	|B|: 8		Time spent: 7840
Fod size: 30	|A|: 20	|B|: 12		Time spent: 103880
Fod size: 30	|A|: 20	|B|: 16		Time spent: 1.2248e+06
Fod size: 30	|A|: 21	|B|: 4		Time spent: 210
Fod size: 30	|A|: 21	|B|: 8		Time spent: 3410
Fod size: 30	|A|: 21	|B|: 12		Time spent: 41710
Fod size: 30	|A|: 21	|B|: 16		Time spent: 666980
Fod size: 30	|A|: 21	|B|: 20		Time spent: 7.91062e+06
Fod size: 30	|A|: 22	|B|: 4		Time spent: 70
Fod size: 30	|A|: 22	|B|: 8		Time spent: 1090
Fod size: 30	|A|: 22	|B|: 12		Time spent: 18560
Fod size: 30	|A|: 22	|B|: 16		Time spent: 364630
Fod size: 30	|A|: 22	|B|: 20		Time spent: 4.0745e+06
Fod size: 30	|A|: 23	|B|: 4		Time spent: 40
Fod size: 30	|A|: 23	|B|: 8		Time spent: 590
Fod size: 30	|A|: 23	|B|: 12		Time spent: 10910
Fod size: 30	|A|: 23	|B|: 16		Time spent: 184260
Fod size: 30	|A|: 23	|B|: 20		Time spent: 2.07054e+06
Fod size: 30	|A|: 24	|B|: 4		Time spent: 0
Fod size: 30	|A|: 24	|B|: 8		Time spent: 230
Fod size: 30	|A|: 24	|B|: 12		Time spent: 3700
Fod size: 30	|A|: 24	|B|: 16		Time spent: 65830
Fod size: 30	|A|: 24	|B|: 20		Time spent: 1.09008e+06
Fod size: 30	|A|: 25	|B|: 4		Time spent: 10
Fod size: 30	|A|: 25	|B|: 8		Time spent: 130
Fod size: 30	|A|: 25	|B|: 12		Time spent: 1950
Fod size: 30	|A|: 25	|B|: 16		Time spent: 33400
Fod size: 30	|A|: 25	|B|: 20		Time spent: 453110
Fod size: 30	|A|: 25	|B|: 24		Time spent: 5.48896e+06
Fod size: 30	|A|: 26	|B|: 4		Time spent: 0
Fod size: 30	|A|: 26	|B|: 8		Time spent: 50
Fod size: 30	|A|: 26	|B|: 12		Time spent: 780
Fod size: 30	|A|: 26	|B|: 16		Time spent: 12120
Fod size: 30	|A|: 26	|B|: 20		Time spent: 183190
Fod size: 30	|A|: 26	|B|: 24		Time spent: 2.6738e+06
Fod size: 30	|A|: 27	|B|: 4		Time spent: 0
Fod size: 30	|A|: 27	|B|: 8		Time spent: 10
Fod size: 30	|A|: 27	|B|: 12		Time spent: 380
Fod size: 30	|A|: 27	|B|: 16		Time spent: 5790
Fod size: 30	|A|: 27	|B|: 20		Time spent: 91150
Fod size: 30	|A|: 27	|B|: 24		Time spent: 1.34409e+06
Fod size: 30	|A|: 28	|B|: 4		Time spent: 0
Fod size: 30	|A|: 28	|B|: 8		Time spent: 10
Fod size: 30	|A|: 28	|B|: 12		Time spent: 180
Fod size: 30	|A|: 28	|B|: 16		Time spent: 3030
Fod size: 30	|A|: 28	|B|: 20		Time spent: 47940
Fod size: 30	|A|: 28	|B|: 24		Time spent: 772030
Fod size: 30	|A|: 29	|B|: 4		Time spent: 0
Fod size: 30	|A|: 29	|B|: 8		Time spent: 20
Fod size: 30	|A|: 29	|B|: 12		Time spent: 130
Fod size: 30	|A|: 29	|B|: 16		Time spent: 2030
Fod size: 30	|A|: 29	|B|: 20		Time spent: 32150
Fod size: 30	|A|: 29	|B|: 24		Time spent: 525330
Fod size: 30	|A|: 29	|B|: 28		Time spent: 8.37642e+06
Fod size: 30	|A|: 30	|B|: 4		Time spent: 0
Fod size: 30	|A|: 30	|B|: 8		Time spent: 10
Fod size: 30	|A|: 30	|B|: 12		Time spent: 110
Fod size: 30	|A|: 30	|B|: 16		Time spent: 1550
Fod size: 30	|A|: 30	|B|: 20		Time spent: 24730
Fod size: 30	|A|: 30	|B|: 24		Time spent: 404020
Fod size: 30	|A|: 30	|B|: 28		Time spent: 6.50848e+06
