Sender: LSF System <lsfadmin@n090>
Subject: Job 8101401: <./30sin_bigmem4> in cluster <mk2> Done

Job <./30sin_bigmem4> was submitted from host <login4> by user <lalintha> in cluster <mk2>.
Job was executed on host(s) <3*n090>, in queue <bigmem>, as user <lalintha> in cluster <mk2>.
                            <1*n127>
                            <2*n129>
                            <6*n130>
                            <1*n134>
                            <3*n128>
</nethome/lalintha> was used as the home directory.
</scratch/projects/premaratne/lalintha/Conditional-Computation-Library/conditionals> was used as the working directory.
Started at Thu Feb  9 20:50:01 2017
Results reported on Fri Feb 10 03:44:10 2017

Your job looked like:

------------------------------------------------------------
# LSBATCH: User input
./30sin_bigmem4
------------------------------------------------------------

Successfully completed.

Resource usage summary:

    CPU time :                                   24926.88 sec.
    Max Memory :                                 32770 MB
    Average Memory :                             21519.78 MB
    Total Requested Memory :                     -
    Delta Memory :                               -
    Max Swap :                                   32907 MB
    Max Processes :                              3
    Max Threads :                                4

The output (if any) follows:

Fod size: 30	|A|: 5	|B|: 4		Time spent: 1.46606e+07
Fod size: 30	|A|: 6	|B|: 4		Time spent: 8.3718e+06
Fod size: 30	|A|: 7	|B|: 4		Time spent: 4.1685e+06
Fod size: 30	|A|: 8	|B|: 4		Time spent: 2.5863e+06
Fod size: 30	|A|: 9	|B|: 4		Time spent: 1.2422e+06
Fod size: 30	|A|: 9	|B|: 8		Time spent: 1.96162e+07
Fod size: 30	|A|: 10	|B|: 4		Time spent: 793300
Fod size: 30	|A|: 10	|B|: 8		Time spent: 1.29442e+07
Fod size: 30	|A|: 11	|B|: 4		Time spent: 438200
Fod size: 30	|A|: 11	|B|: 8		Time spent: 7.8959e+06
Fod size: 30	|A|: 12	|B|: 4		Time spent: 284200
Fod size: 30	|A|: 12	|B|: 8		Time spent: 3.8811e+06
Fod size: 30	|A|: 13	|B|: 4		Time spent: 114500
Fod size: 30	|A|: 13	|B|: 8		Time spent: 1.4262e+06
Fod size: 30	|A|: 13	|B|: 12		Time spent: 2.13496e+07
Fod size: 30	|A|: 14	|B|: 4		Time spent: 44800
Fod size: 30	|A|: 14	|B|: 8		Time spent: 432200
Fod size: 30	|A|: 14	|B|: 12		Time spent: 7.4607e+06
Fod size: 30	|A|: 15	|B|: 4		Time spent: 19900
Fod size: 30	|A|: 15	|B|: 8		Time spent: 238100
Fod size: 30	|A|: 15	|B|: 12		Time spent: 3.0661e+06
Fod size: 30	|A|: 16	|B|: 4		Time spent: 10100
Fod size: 30	|A|: 16	|B|: 8		Time spent: 111900
Fod size: 30	|A|: 16	|B|: 12		Time spent: 1.5573e+06
Fod size: 30	|A|: 17	|B|: 4		Time spent: 4700
Fod size: 30	|A|: 17	|B|: 8		Time spent: 58700
Fod size: 30	|A|: 17	|B|: 12		Time spent: 799300
Fod size: 30	|A|: 17	|B|: 16		Time spent: 1.19568e+07
Fod size: 30	|A|: 18	|B|: 4		Time spent: 2200
Fod size: 30	|A|: 18	|B|: 8		Time spent: 29200
Fod size: 30	|A|: 18	|B|: 12		Time spent: 423700
Fod size: 30	|A|: 18	|B|: 16		Time spent: 6.2715e+06
Fod size: 30	|A|: 19	|B|: 4		Time spent: 1200
Fod size: 30	|A|: 19	|B|: 8		Time spent: 15000
Fod size: 30	|A|: 19	|B|: 12		Time spent: 216400
Fod size: 30	|A|: 19	|B|: 16		Time spent: 3.2605e+06
Fod size: 30	|A|: 20	|B|: 4		Time spent: 600
Fod size: 30	|A|: 20	|B|: 8		Time spent: 7600
Fod size: 30	|A|: 20	|B|: 12		Time spent: 108800
Fod size: 30	|A|: 20	|B|: 16		Time spent: 1.6293e+06
Fod size: 30	|A|: 21	|B|: 4		Time spent: 300
Fod size: 30	|A|: 21	|B|: 8		Time spent: 3500
Fod size: 30	|A|: 21	|B|: 12		Time spent: 54600
Fod size: 30	|A|: 21	|B|: 16		Time spent: 832000
Fod size: 30	|A|: 21	|B|: 20		Time spent: 1.30542e+07
Fod size: 30	|A|: 22	|B|: 4		Time spent: 100
Fod size: 30	|A|: 22	|B|: 8		Time spent: 1800
Fod size: 30	|A|: 22	|B|: 12		Time spent: 29100
Fod size: 30	|A|: 22	|B|: 16		Time spent: 442600
Fod size: 30	|A|: 22	|B|: 20		Time spent: 6.7607e+06
Fod size: 30	|A|: 23	|B|: 4		Time spent: 100
Fod size: 30	|A|: 23	|B|: 8		Time spent: 800
Fod size: 30	|A|: 23	|B|: 12		Time spent: 14000
Fod size: 30	|A|: 23	|B|: 16		Time spent: 213300
Fod size: 30	|A|: 23	|B|: 20		Time spent: 3.2122e+06
Fod size: 30	|A|: 24	|B|: 4		Time spent: 100
Fod size: 30	|A|: 24	|B|: 8		Time spent: 300
Fod size: 30	|A|: 24	|B|: 12		Time spent: 5700
Fod size: 30	|A|: 24	|B|: 16		Time spent: 99500
Fod size: 30	|A|: 24	|B|: 20		Time spent: 1.5348e+06
Fod size: 30	|A|: 25	|B|: 4		Time spent: 0
Fod size: 30	|A|: 25	|B|: 8		Time spent: 200
Fod size: 30	|A|: 25	|B|: 12		Time spent: 2200
Fod size: 30	|A|: 25	|B|: 16		Time spent: 36300
Fod size: 30	|A|: 25	|B|: 20		Time spent: 505800
Fod size: 30	|A|: 25	|B|: 24		Time spent: 7.1014e+06
Fod size: 30	|A|: 26	|B|: 4		Time spent: 0
Fod size: 30	|A|: 26	|B|: 8		Time spent: 0
Fod size: 30	|A|: 26	|B|: 12		Time spent: 1000
Fod size: 30	|A|: 26	|B|: 16		Time spent: 14800
Fod size: 30	|A|: 26	|B|: 20		Time spent: 225300
Fod size: 30	|A|: 26	|B|: 24		Time spent: 3.4577e+06
Fod size: 30	|A|: 27	|B|: 4		Time spent: 0
Fod size: 30	|A|: 27	|B|: 8		Time spent: 0
Fod size: 30	|A|: 27	|B|: 12		Time spent: 400
Fod size: 30	|A|: 27	|B|: 16		Time spent: 6200
Fod size: 30	|A|: 27	|B|: 20		Time spent: 95100
Fod size: 30	|A|: 27	|B|: 24		Time spent: 1.5022e+06
Fod size: 30	|A|: 28	|B|: 4		Time spent: 0
Fod size: 30	|A|: 28	|B|: 8		Time spent: 0
Fod size: 30	|A|: 28	|B|: 12		Time spent: 200
Fod size: 30	|A|: 28	|B|: 16		Time spent: 3200
Fod size: 30	|A|: 28	|B|: 20		Time spent: 49100
Fod size: 30	|A|: 28	|B|: 24		Time spent: 795200
Fod size: 30	|A|: 29	|B|: 4		Time spent: 0
Fod size: 30	|A|: 29	|B|: 8		Time spent: 0
Fod size: 30	|A|: 29	|B|: 12		Time spent: 200
Fod size: 30	|A|: 29	|B|: 16		Time spent: 2200
Fod size: 30	|A|: 29	|B|: 20		Time spent: 34100
Fod size: 30	|A|: 29	|B|: 24		Time spent: 552900
Fod size: 30	|A|: 29	|B|: 28		Time spent: 8.8442e+06
Fod size: 30	|A|: 30	|B|: 4		Time spent: 0
Fod size: 30	|A|: 30	|B|: 8		Time spent: 0
Fod size: 30	|A|: 30	|B|: 12		Time spent: 100
Fod size: 30	|A|: 30	|B|: 16		Time spent: 1600
Fod size: 30	|A|: 30	|B|: 20		Time spent: 26000
Fod size: 30	|A|: 30	|B|: 24		Time spent: 425800
Fod size: 30	|A|: 30	|B|: 28		Time spent: 6.7243e+06
