Sender: LSF System <lsfadmin@n130>
Subject: Job 8101439: <./30sin_bigmem9> in cluster <mk2> Done

Job <./30sin_bigmem9> was submitted from host <login4> by user <lalintha> in cluster <mk2>.
Job was executed on host(s) <6*n130>, in queue <bigmem>, as user <lalintha> in cluster <mk2>.
                            <2*n129>
                            <1*n087>
                            <3*n090>
                            <1*n134>
                            <1*n127>
                            <2*n128>
</nethome/lalintha> was used as the home directory.
</scratch/projects/premaratne/lalintha/Conditional-Computation-Library/conditionals> was used as the working directory.
Started at Fri Feb 10 03:44:13 2017
Results reported on Fri Feb 10 10:46:23 2017

Your job looked like:

------------------------------------------------------------
# LSBATCH: User input
./30sin_bigmem9
------------------------------------------------------------

Successfully completed.

Resource usage summary:

    CPU time :                                   25044.26 sec.
    Max Memory :                                 32770 MB
    Average Memory :                             21511.51 MB
    Total Requested Memory :                     -
    Delta Memory :                               -
    Max Swap :                                   32907 MB
    Max Processes :                              3
    Max Threads :                                4

The output (if any) follows:

Fod size: 30	|A|: 5	|B|: 4		Time spent: 1.40274e+07
Fod size: 30	|A|: 6	|B|: 4		Time spent: 8.3955e+06
Fod size: 30	|A|: 7	|B|: 4		Time spent: 3.7251e+06
Fod size: 30	|A|: 8	|B|: 4		Time spent: 2.493e+06
Fod size: 30	|A|: 9	|B|: 4		Time spent: 1.4515e+06
Fod size: 30	|A|: 9	|B|: 8		Time spent: 1.98591e+07
Fod size: 30	|A|: 10	|B|: 4		Time spent: 1.0311e+06
Fod size: 30	|A|: 10	|B|: 8		Time spent: 1.41883e+07
Fod size: 30	|A|: 11	|B|: 4		Time spent: 455500
Fod size: 30	|A|: 11	|B|: 8		Time spent: 7.5849e+06
Fod size: 30	|A|: 12	|B|: 4		Time spent: 198400
Fod size: 30	|A|: 12	|B|: 8		Time spent: 3.0247e+06
Fod size: 30	|A|: 13	|B|: 4		Time spent: 77900
Fod size: 30	|A|: 13	|B|: 8		Time spent: 944800
Fod size: 30	|A|: 13	|B|: 12		Time spent: 2.42017e+07
Fod size: 30	|A|: 14	|B|: 4		Time spent: 34900
Fod size: 30	|A|: 14	|B|: 8		Time spent: 374600
Fod size: 30	|A|: 14	|B|: 12		Time spent: 6.4129e+06
Fod size: 30	|A|: 15	|B|: 4		Time spent: 22200
Fod size: 30	|A|: 15	|B|: 8		Time spent: 273100
Fod size: 30	|A|: 15	|B|: 12		Time spent: 3.7526e+06
Fod size: 30	|A|: 16	|B|: 4		Time spent: 9400
Fod size: 30	|A|: 16	|B|: 8		Time spent: 119800
Fod size: 30	|A|: 16	|B|: 12		Time spent: 1.6313e+06
Fod size: 30	|A|: 17	|B|: 4		Time spent: 5600
Fod size: 30	|A|: 17	|B|: 8		Time spent: 57400
Fod size: 30	|A|: 17	|B|: 12		Time spent: 817600
Fod size: 30	|A|: 17	|B|: 16		Time spent: 1.21814e+07
Fod size: 30	|A|: 18	|B|: 4		Time spent: 2200
Fod size: 30	|A|: 18	|B|: 8		Time spent: 30800
Fod size: 30	|A|: 18	|B|: 12		Time spent: 436200
Fod size: 30	|A|: 18	|B|: 16		Time spent: 6.3352e+06
Fod size: 30	|A|: 19	|B|: 4		Time spent: 1200
Fod size: 30	|A|: 19	|B|: 8		Time spent: 16200
Fod size: 30	|A|: 19	|B|: 12		Time spent: 225000
Fod size: 30	|A|: 19	|B|: 16		Time spent: 3.3898e+06
Fod size: 30	|A|: 20	|B|: 4		Time spent: 600
Fod size: 30	|A|: 20	|B|: 8		Time spent: 7700
Fod size: 30	|A|: 20	|B|: 12		Time spent: 114100
Fod size: 30	|A|: 20	|B|: 16		Time spent: 1.7106e+06
Fod size: 30	|A|: 21	|B|: 4		Time spent: 200
Fod size: 30	|A|: 21	|B|: 8		Time spent: 3800
Fod size: 30	|A|: 21	|B|: 12		Time spent: 57500
Fod size: 30	|A|: 21	|B|: 16		Time spent: 881800
Fod size: 30	|A|: 21	|B|: 20		Time spent: 1.35072e+07
Fod size: 30	|A|: 22	|B|: 4		Time spent: 100
Fod size: 30	|A|: 22	|B|: 8		Time spent: 2100
Fod size: 30	|A|: 22	|B|: 12		Time spent: 32500
Fod size: 30	|A|: 22	|B|: 16		Time spent: 445500
Fod size: 30	|A|: 22	|B|: 20		Time spent: 7.3273e+06
Fod size: 30	|A|: 23	|B|: 4		Time spent: 100
Fod size: 30	|A|: 23	|B|: 8		Time spent: 900
Fod size: 30	|A|: 23	|B|: 12		Time spent: 15200
Fod size: 30	|A|: 23	|B|: 16		Time spent: 260500
Fod size: 30	|A|: 23	|B|: 20		Time spent: 3.4396e+06
Fod size: 30	|A|: 24	|B|: 4		Time spent: 0
Fod size: 30	|A|: 24	|B|: 8		Time spent: 400
Fod size: 30	|A|: 24	|B|: 12		Time spent: 5600
Fod size: 30	|A|: 24	|B|: 16		Time spent: 99200
Fod size: 30	|A|: 24	|B|: 20		Time spent: 1.6321e+06
Fod size: 30	|A|: 25	|B|: 4		Time spent: 0
Fod size: 30	|A|: 25	|B|: 8		Time spent: 200
Fod size: 30	|A|: 25	|B|: 12		Time spent: 2000
Fod size: 30	|A|: 25	|B|: 16		Time spent: 35800
Fod size: 30	|A|: 25	|B|: 20		Time spent: 509600
Fod size: 30	|A|: 25	|B|: 24		Time spent: 6.7404e+06
Fod size: 30	|A|: 26	|B|: 4		Time spent: 0
Fod size: 30	|A|: 26	|B|: 8		Time spent: 0
Fod size: 30	|A|: 26	|B|: 12		Time spent: 800
Fod size: 30	|A|: 26	|B|: 16		Time spent: 13400
Fod size: 30	|A|: 26	|B|: 20		Time spent: 200600
Fod size: 30	|A|: 26	|B|: 24		Time spent: 3.0435e+06
Fod size: 30	|A|: 27	|B|: 4		Time spent: 0
Fod size: 30	|A|: 27	|B|: 8		Time spent: 100
Fod size: 30	|A|: 27	|B|: 12		Time spent: 400
Fod size: 30	|A|: 27	|B|: 16		Time spent: 5500
Fod size: 30	|A|: 27	|B|: 20		Time spent: 84800
Fod size: 30	|A|: 27	|B|: 24		Time spent: 1.3625e+06
Fod size: 30	|A|: 28	|B|: 4		Time spent: 0
Fod size: 30	|A|: 28	|B|: 8		Time spent: 0
Fod size: 30	|A|: 28	|B|: 12		Time spent: 300
Fod size: 30	|A|: 28	|B|: 16		Time spent: 3100
Fod size: 30	|A|: 28	|B|: 20		Time spent: 48500
Fod size: 30	|A|: 28	|B|: 24		Time spent: 775000
Fod size: 30	|A|: 29	|B|: 4		Time spent: 0
Fod size: 30	|A|: 29	|B|: 8		Time spent: 0
Fod size: 30	|A|: 29	|B|: 12		Time spent: 100
Fod size: 30	|A|: 29	|B|: 16		Time spent: 2100
Fod size: 30	|A|: 29	|B|: 20		Time spent: 32900
Fod size: 30	|A|: 29	|B|: 24		Time spent: 532700
Fod size: 30	|A|: 29	|B|: 28		Time spent: 8.5434e+06
Fod size: 30	|A|: 30	|B|: 4		Time spent: 0
Fod size: 30	|A|: 30	|B|: 8		Time spent: 0
Fod size: 30	|A|: 30	|B|: 12		Time spent: 0
Fod size: 30	|A|: 30	|B|: 16		Time spent: 1600
Fod size: 30	|A|: 30	|B|: 20		Time spent: 25100
Fod size: 30	|A|: 30	|B|: 24		Time spent: 420500
Fod size: 30	|A|: 30	|B|: 28		Time spent: 6.6297e+06
