Fod size : 5	|A| : 1	|B| : 1	Bl (B) :1	 Nlz : 496	 Bl ({A}) : 240	S({A};B) : 255	Cond Belief : 1
Fod size : 5	|A| : 2	|B| : 1	Bl (B) :1	 Nlz : 496	 Bl ({A}) : 112	S({A};B) : 119	Cond Belief : 0.00377358
Fod size : 5	|A| : 2	|B| : 2	Bl (B) :6	 Nlz : 496	 Bl ({A}) : 112	S({A};B) : 378	Cond Belief : 1
Fod size : 5	|A| : 3	|B| : 1	Bl (B) :2	 Nlz : 496	 Bl ({A}) : 48	S({A};B) : 54	Cond Belief : 0.00507614
Fod size : 5	|A| : 3	|B| : 2	Bl (B) :10	 Nlz : 496	 Bl ({A}) : 48	S({A};B) : 174	Cond Belief : 0.0364964
Fod size : 5	|A| : 3	|B| : 3	Bl (B) :28	 Nlz : 496	 Bl ({A}) : 48	S({A};B) : 420	Cond Belief : 1
Fod size : 5	|A| : 4	|B| : 1	Bl (B) :1	 Nlz : 496	 Bl ({A}) : 16	S({A};B) : 17	Cond Belief : 0.00215983
Fod size : 5	|A| : 4	|B| : 2	Bl (B) :18	 Nlz : 496	 Bl ({A}) : 16	S({A};B) : 66	Cond Belief : 0.0434783
Fod size : 5	|A| : 4	|B| : 3	Bl (B) :52	 Nlz : 496	 Bl ({A}) : 16	S({A};B) : 164	Cond Belief : 0.164557
Fod size : 5	|A| : 4	|B| : 4	Bl (B) :120	 Nlz : 496	 Bl ({A}) : 16	S({A};B) : 360	Cond Belief : 1
Fod size : 5	|A| : 5	|B| : 1	Bl (B) :2	 Nlz : 496	 Bl ({A}) : 0	S({A};B) : 0	Cond Belief : 0.00403226
Fod size : 5	|A| : 5	|B| : 2	Bl (B) :34	 Nlz : 496	 Bl ({A}) : 0	S({A};B) : 0	Cond Belief : 0.0685484
Fod size : 5	|A| : 5	|B| : 3	Bl (B) :52	 Nlz : 496	 Bl ({A}) : 0	S({A};B) : 0	Cond Belief : 0.104839
Fod size : 5	|A| : 5	|B| : 4	Bl (B) :216	 Nlz : 496	 Bl ({A}) : 0	S({A};B) : 0	Cond Belief : 0.435484
Fod size : 5	|A| : 5	|B| : 5	Bl (B) :496	 Nlz : 496	 Bl ({A}) : 0	S({A};B) : 0	Cond Belief : 1
FoD size : 5 Time spent : 0
Fod size : 10	|A| : 1	|B| : 1	Bl (B) :1	 Nlz : 523776	 Bl ({A}) : 261632	S({A};B) : 262143	Cond Belief : 1
Fod size : 10	|A| : 2	|B| : 1	Bl (B) :1	 Nlz : 523776	 Bl ({A}) : 130560	S({A};B) : 130815	Cond Belief : 3.81096e-06
Fod size : 10	|A| : 2	|B| : 2	Bl (B) :6	 Nlz : 523776	 Bl ({A}) : 130560	S({A};B) : 393210	Cond Belief : 1
Fod size : 10	|A| : 3	|B| : 1	Bl (B) :2	 Nlz : 523776	 Bl ({A}) : 65024	S({A};B) : 65278	Cond Belief : 5.08293e-06
Fod size : 10	|A| : 3	|B| : 2	Bl (B) :10	 Nlz : 523776	 Bl ({A}) : 65024	S({A};B) : 196342	Cond Belief : 3.81083e-05
Fod size : 10	|A| : 3	|B| : 3	Bl (B) :28	 Nlz : 523776	 Bl ({A}) : 65024	S({A};B) : 458724	Cond Belief : 1
Fod size : 10	|A| : 4	|B| : 1	Bl (B) :1	 Nlz : 523776	 Bl ({A}) : 32256	S({A};B) : 32319	Cond Belief : 2.1777e-06
Fod size : 10	|A| : 4	|B| : 2	Bl (B) :18	 Nlz : 523776	 Bl ({A}) : 32256	S({A};B) : 97902	Cond Belief : 4.57296e-05
Fod size : 10	|A| : 4	|B| : 3	Bl (B) :52	 Nlz : 523776	 Bl ({A}) : 32256	S({A};B) : 229068	Cond Belief : 0.000198131
Fod size : 10	|A| : 4	|B| : 4	Bl (B) :120	 Nlz : 523776	 Bl ({A}) : 32256	S({A};B) : 491400	Cond Belief : 1
Fod size : 10	|A| : 5	|B| : 1	Bl (B) :2	 Nlz : 523776	 Bl ({A}) : 15872	S({A};B) : 15934	Cond Belief : 4.06529e-06
Fod size : 10	|A| : 5	|B| : 2	Bl (B) :34	 Nlz : 523776	 Bl ({A}) : 15872	S({A};B) : 48670	Cond Belief : 7.40363e-05
Fod size : 10	|A| : 5	|B| : 3	Bl (B) :52	 Nlz : 523776	 Bl ({A}) : 15872	S({A};B) : 112716	Cond Belief : 0.000131583
Fod size : 10	|A| : 5	|B| : 4	Bl (B) :216	 Nlz : 523776	 Bl ({A}) : 15872	S({A};B) : 244776	Cond Belief : 0.000820893
Fod size : 10	|A| : 5	|B| : 5	Bl (B) :496	 Nlz : 523776	 Bl ({A}) : 15872	S({A};B) : 507408	Cond Belief : 1
Fod size : 10	|A| : 6	|B| : 1	Bl (B) :1	 Nlz : 523776	 Bl ({A}) : 7680	S({A};B) : 7695	Cond Belief : 1.96695e-06
Fod size : 10	|A| : 6	|B| : 2	Bl (B) :10	 Nlz : 523776	 Bl ({A}) : 7680	S({A};B) : 23190	Cond Belief : 2.02878e-05
Fod size : 10	|A| : 6	|B| : 3	Bl (B) :44	 Nlz : 523776	 Bl ({A}) : 7680	S({A};B) : 54420	Cond Belief : 9.53049e-05
Fod size : 10	|A| : 6	|B| : 4	Bl (B) :408	 Nlz : 523776	 Bl ({A}) : 7680	S({A};B) : 121320	Cond Belief : 0.0010335
Fod size : 10	|A| : 6	|B| : 5	Bl (B) :992	 Nlz : 523776	 Bl ({A}) : 7680	S({A};B) : 252960	Cond Belief : 0.00376991
Fod size : 10	|A| : 6	|B| : 6	Bl (B) :2016	 Nlz : 523776	 Bl ({A}) : 7680	S({A};B) : 514080	Cond Belief : 1
Fod size : 10	|A| : 7	|B| : 1	Bl (B) :1	 Nlz : 523776	 Bl ({A}) : 3584	S({A};B) : 3591	Cond Belief : 1.93573e-06
Fod size : 10	|A| : 7	|B| : 2	Bl (B) :80	 Nlz : 523776	 Bl ({A}) : 3584	S({A};B) : 11312	Cond Belief : 0.000157208
Fod size : 10	|A| : 7	|B| : 3	Bl (B) :400	 Nlz : 523776	 Bl ({A}) : 3584	S({A};B) : 27888	Cond Belief : 0.000812506
Fod size : 10	|A| : 7	|B| : 4	Bl (B) :480	 Nlz : 523776	 Bl ({A}) : 3584	S({A};B) : 57120	Cond Belief : 0.00103656
Fod size : 10	|A| : 7	|B| : 5	Bl (B) :1760	 Nlz : 523776	 Bl ({A}) : 3584	S({A};B) : 123424	Cond Belief : 0.00443584
Fod size : 10	|A| : 7	|B| : 6	Bl (B) :2016	 Nlz : 523776	 Bl ({A}) : 3584	S({A};B) : 239904	Cond Belief : 0.0071926
Fod size : 10	|A| : 7	|B| : 7	Bl (B) :8128	 Nlz : 523776	 Bl ({A}) : 3584	S({A};B) : 512064	Cond Belief : 1
Fod size : 10	|A| : 8	|B| : 1	Bl (B) :16	 Nlz : 523776	 Bl ({A}) : 1536	S({A};B) : 1584	Cond Belief : 3.07305e-05
Fod size : 10	|A| : 8	|B| : 2	Bl (B) :36	 Nlz : 523776	 Bl ({A}) : 1536	S({A};B) : 4716	Cond Belief : 6.9562e-05
Fod size : 10	|A| : 8	|B| : 3	Bl (B) :100	 Nlz : 523776	 Bl ({A}) : 1536	S({A};B) : 11052	Cond Belief : 0.000195623
Fod size : 10	|A| : 8	|B| : 4	Bl (B) :568	 Nlz : 523776	 Bl ({A}) : 1536	S({A};B) : 24744	Cond Belief : 0.00114172
Fod size : 10	|A| : 8	|B| : 5	Bl (B) :976	 Nlz : 523776	 Bl ({A}) : 1536	S({A};B) : 50544	Cond Belief : 0.00206913
Fod size : 10	|A| : 8	|B| : 6	Bl (B) :8064	 Nlz : 523776	 Bl ({A}) : 1536	S({A};B) : 120960	Cond Belief : 0.0200957
Fod size : 10	|A| : 8	|B| : 7	Bl (B) :16256	 Nlz : 523776	 Bl ({A}) : 1536	S({A};B) : 243840	Cond Belief : 0.0583908
Fod size : 10	|A| : 8	|B| : 8	Bl (B) :32640	 Nlz : 523776	 Bl ({A}) : 1536	S({A};B) : 489600	Cond Belief : 1
Fod size : 10	|A| : 9	|B| : 1	Bl (B) :2	 Nlz : 523776	 Bl ({A}) : 512	S({A};B) : 514	Cond Belief : 3.82592e-06
Fod size : 10	|A| : 9	|B| : 2	Bl (B) :272	 Nlz : 523776	 Bl ({A}) : 512	S({A};B) : 1808	Cond Belief : 0.000521616
Fod size : 10	|A| : 9	|B| : 3	Bl (B) :1036	 Nlz : 523776	 Bl ({A}) : 512	S({A};B) : 4620	Cond Belief : 0.00199752
Fod size : 10	|A| : 9	|B| : 4	Bl (B) :680	 Nlz : 523776	 Bl ({A}) : 512	S({A};B) : 8360	Cond Belief : 0.00132063
Fod size : 10	|A| : 9	|B| : 5	Bl (B) :6016	 Nlz : 523776	 Bl ({A}) : 512	S({A};B) : 21888	Cond Belief : 0.011999
Fod size : 10	|A| : 9	|B| : 6	Bl (B) :11680	 Nlz : 523776	 Bl ({A}) : 512	S({A};B) : 43936	Cond Belief : 0.0243674
Fod size : 10	|A| : 9	|B| : 7	Bl (B) :31424	 Nlz : 523776	 Bl ({A}) : 512	S({A};B) : 96448	Cond Belief : 0.0736242
Fod size : 10	|A| : 9	|B| : 8	Bl (B) :63360	 Nlz : 523776	 Bl ({A}) : 512	S({A};B) : 193920	Cond Belief : 0.192382
Fod size : 10	|A| : 9	|B| : 9	Bl (B) :130816	 Nlz : 523776	 Bl ({A}) : 512	S({A};B) : 392448	Cond Belief : 1
Fod size : 10	|A| : 10	|B| : 1	Bl (B) :16	 Nlz : 523776	 Bl ({A}) : 0	S({A};B) : 0	Cond Belief : 3.05474e-05
Fod size : 10	|A| : 10	|B| : 2	Bl (B) :1536	 Nlz : 523776	 Bl ({A}) : 0	S({A};B) : 0	Cond Belief : 0.00293255
Fod size : 10	|A| : 10	|B| : 3	Bl (B) :536	 Nlz : 523776	 Bl ({A}) : 0	S({A};B) : 0	Cond Belief : 0.00102334
Fod size : 10	|A| : 10	|B| : 4	Bl (B) :6336	 Nlz : 523776	 Bl ({A}) : 0	S({A};B) : 0	Cond Belief : 0.0120968
Fod size : 10	|A| : 10	|B| : 5	Bl (B) :14864	 Nlz : 523776	 Bl ({A}) : 0	S({A};B) : 0	Cond Belief : 0.0283785
Fod size : 10	|A| : 10	|B| : 6	Bl (B) :13664	 Nlz : 523776	 Bl ({A}) : 0	S({A};B) : 0	Cond Belief : 0.0260875
Fod size : 10	|A| : 10	|B| : 7	Bl (B) :65024	 Nlz : 523776	 Bl ({A}) : 0	S({A};B) : 0	Cond Belief : 0.124145
Fod size : 10	|A| : 10	|B| : 8	Bl (B) :32640	 Nlz : 523776	 Bl ({A}) : 0	S({A};B) : 0	Cond Belief : 0.0623167
Fod size : 10	|A| : 10	|B| : 9	Bl (B) :245504	 Nlz : 523776	 Bl ({A}) : 0	S({A};B) : 0	Cond Belief : 0.468719
Fod size : 10	|A| : 10	|B| : 10	Bl (B) :523776	 Nlz : 523776	 Bl ({A}) : 0	S({A};B) : 0	Cond Belief : 1
FoD size : 10 Time spent : 0
Fod size : 15	|A| : 1	|B| : 1	Bl (B) :1	 Nlz : 5.36855e+08	 Bl ({A}) : 2.68419e+08	S({A};B) : 2.68435e+08	Cond Belief : 1
Fod size : 15	|A| : 2	|B| : 1	Bl (B) :1	 Nlz : 5.36855e+08	 Bl ({A}) : 1.34201e+08	S({A};B) : 1.3421e+08	Cond Belief : 3.72518e-09
Fod size : 15	|A| : 2	|B| : 2	Bl (B) :6	 Nlz : 5.36855e+08	 Bl ({A}) : 1.34201e+08	S({A};B) : 4.02653e+08	Cond Belief : 1
Fod size : 15	|A| : 3	|B| : 1	Bl (B) :2	 Nlz : 5.36855e+08	 Bl ({A}) : 6.70925e+07	S({A};B) : 6.71007e+07	Cond Belief : 4.96695e-09
Fod size : 15	|A| : 3	|B| : 2	Bl (B) :10	 Nlz : 5.36855e+08	 Bl ({A}) : 6.70925e+07	S({A};B) : 2.01318e+08	Cond Belief : 3.72518e-08
Fod size : 15	|A| : 3	|B| : 3	Bl (B) :28	 Nlz : 5.36855e+08	 Bl ({A}) : 6.70925e+07	S({A};B) : 4.69762e+08	Cond Belief : 1
Fod size : 15	|A| : 4	|B| : 1	Bl (B) :1	 Nlz : 5.36855e+08	 Bl ({A}) : 3.3538e+07	S({A};B) : 3.35401e+07	Cond Belief : 2.12867e-09
Fod size : 15	|A| : 4	|B| : 2	Bl (B) :18	 Nlz : 5.36855e+08	 Bl ({A}) : 3.3538e+07	S({A};B) : 1.00651e+08	Cond Belief : 4.47021e-08
Fod size : 15	|A| : 4	|B| : 3	Bl (B) :52	 Nlz : 5.36855e+08	 Bl ({A}) : 3.3538e+07	S({A};B) : 2.34873e+08	Cond Belief : 1.93709e-07
Fod size : 15	|A| : 4	|B| : 4	Bl (B) :120	 Nlz : 5.36855e+08	 Bl ({A}) : 3.3538e+07	S({A};B) : 5.03316e+08	Cond Belief : 1
Fod size : 15	|A| : 5	|B| : 1	Bl (B) :2	 Nlz : 5.36855e+08	 Bl ({A}) : 1.67608e+07	S({A};B) : 1.67629e+07	Cond Belief : 3.97353e-09
Fod size : 15	|A| : 5	|B| : 2	Bl (B) :34	 Nlz : 5.36855e+08	 Bl ({A}) : 1.67608e+07	S({A};B) : 5.03173e+07	Cond Belief : 7.23749e-08
Fod size : 15	|A| : 5	|B| : 3	Bl (B) :52	 Nlz : 5.36855e+08	 Bl ({A}) : 1.67608e+07	S({A};B) : 1.17379e+08	Cond Belief : 1.29124e-07
Fod size : 15	|A| : 5	|B| : 4	Bl (B) :216	 Nlz : 5.36855e+08	 Bl ({A}) : 1.67608e+07	S({A};B) : 2.51633e+08	Cond Belief : 8.04588e-07
Fod size : 15	|A| : 5	|B| : 5	Bl (B) :496	 Nlz : 5.36855e+08	 Bl ({A}) : 1.67608e+07	S({A};B) : 5.20093e+08	Cond Belief : 1
Fod size : 15	|A| : 6	|B| : 1	Bl (B) :1	 Nlz : 5.36855e+08	 Bl ({A}) : 8.37222e+06	S({A};B) : 8.37274e+06	Cond Belief : 1.92267e-09
Fod size : 15	|A| : 6	|B| : 2	Bl (B) :10	 Nlz : 5.36855e+08	 Bl ({A}) : 8.37222e+06	S({A};B) : 2.51218e+07	Cond Belief : 1.98665e-08
Fod size : 15	|A| : 6	|B| : 3	Bl (B) :44	 Nlz : 5.36855e+08	 Bl ({A}) : 8.37222e+06	S({A};B) : 5.86281e+07	Cond Belief : 9.36461e-08
Fod size : 15	|A| : 6	|B| : 4	Bl (B) :408	 Nlz : 5.36855e+08	 Bl ({A}) : 8.37222e+06	S({A};B) : 1.25792e+08	Cond Belief : 1.01319e-06
Fod size : 15	|A| : 6	|B| : 5	Bl (B) :992	 Nlz : 5.36855e+08	 Bl ({A}) : 8.37222e+06	S({A};B) : 2.60046e+08	Cond Belief : 3.69547e-06
Fod size : 15	|A| : 6	|B| : 6	Bl (B) :2016	 Nlz : 5.36855e+08	 Bl ({A}) : 8.37222e+06	S({A};B) : 5.2848e+08	Cond Belief : 1
Fod size : 15	|A| : 7	|B| : 1	Bl (B) :1	 Nlz : 5.36855e+08	 Bl ({A}) : 4.17792e+06	S({A};B) : 4.17818e+06	Cond Belief : 1.89215e-09
Fod size : 15	|A| : 7	|B| : 2	Bl (B) :80	 Nlz : 5.36855e+08	 Bl ({A}) : 4.17792e+06	S({A};B) : 1.25542e+07	Cond Belief : 1.5381e-07
Fod size : 15	|A| : 7	|B| : 3	Bl (B) :400	 Nlz : 5.36855e+08	 Bl ({A}) : 4.17792e+06	S({A};B) : 2.93474e+07	Cond Belief : 7.94709e-07
Fod size : 15	|A| : 7	|B| : 4	Bl (B) :480	 Nlz : 5.36855e+08	 Bl ({A}) : 4.17792e+06	S({A};B) : 6.27912e+07	Cond Belief : 1.02153e-06
Fod size : 15	|A| : 7	|B| : 5	Bl (B) :1760	 Nlz : 5.36855e+08	 Bl ({A}) : 4.17792e+06	S({A};B) : 1.29964e+08	Cond Belief : 4.37037e-06
Fod size : 15	|A| : 7	|B| : 6	Bl (B) :2016	 Nlz : 5.36855e+08	 Bl ({A}) : 4.17792e+06	S({A};B) : 2.63723e+08	Cond Belief : 7.49572e-06
Fod size : 15	|A| : 7	|B| : 7	Bl (B) :8128	 Nlz : 5.36855e+08	 Bl ({A}) : 4.17792e+06	S({A};B) : 5.32668e+08	Cond Belief : 1
Fod size : 15	|A| : 8	|B| : 1	Bl (B) :16	 Nlz : 5.36855e+08	 Bl ({A}) : 2.08077e+06	S({A};B) : 2.0828e+06	Cond Belief : 3.00362e-08
Fod size : 15	|A| : 8	|B| : 2	Bl (B) :36	 Nlz : 5.36855e+08	 Bl ({A}) : 2.08077e+06	S({A};B) : 6.24688e+06	Cond Belief : 6.81138e-08
Fod size : 15	|A| : 8	|B| : 3	Bl (B) :100	 Nlz : 5.36855e+08	 Bl ({A}) : 2.08077e+06	S({A};B) : 1.45781e+07	Cond Belief : 1.92235e-07
Fod size : 15	|A| : 8	|B| : 4	Bl (B) :568	 Nlz : 5.36855e+08	 Bl ({A}) : 2.08077e+06	S({A};B) : 3.12837e+07	Cond Belief : 1.12813e-06
Fod size : 15	|A| : 8	|B| : 5	Bl (B) :976	 Nlz : 5.36855e+08	 Bl ({A}) : 2.08077e+06	S({A};B) : 6.46278e+07	Cond Belief : 2.07595e-06
Fod size : 15	|A| : 8	|B| : 6	Bl (B) :8064	 Nlz : 5.36855e+08	 Bl ({A}) : 2.08077e+06	S({A};B) : 1.32113e+08	Cond Belief : 2.00268e-05
Fod size : 15	|A| : 8	|B| : 7	Bl (B) :16256	 Nlz : 5.36855e+08	 Bl ({A}) : 2.08077e+06	S({A};B) : 2.66322e+08	Cond Belief : 6.05547e-05
Fod size : 15	|A| : 8	|B| : 8	Bl (B) :32640	 Nlz : 5.36855e+08	 Bl ({A}) : 2.08077e+06	S({A};B) : 5.34741e+08	Cond Belief : 1
Fod size : 15	|A| : 9	|B| : 1	Bl (B) :2	 Nlz : 5.36855e+08	 Bl ({A}) : 1.03219e+06	S({A};B) : 1.03232e+06	Cond Belief : 3.73979e-09
Fod size : 15	|A| : 9	|B| : 2	Bl (B) :272	 Nlz : 5.36855e+08	 Bl ({A}) : 1.03219e+06	S({A};B) : 3.11371e+06	Cond Belief : 5.10598e-07
Fod size : 15	|A| : 9	|B| : 3	Bl (B) :1036	 Nlz : 5.36855e+08	 Bl ({A}) : 1.03219e+06	S({A};B) : 7.29061e+06	Cond Belief : 1.96015e-06
Fod size : 15	|A| : 9	|B| : 4	Bl (B) :680	 Nlz : 5.36855e+08	 Bl ({A}) : 1.03219e+06	S({A};B) : 1.55257e+07	Cond Belief : 1.30695e-06
Fod size : 15	|A| : 9	|B| : 5	Bl (B) :6016	 Nlz : 5.36855e+08	 Bl ({A}) : 1.03219e+06	S({A};B) : 3.2377e+07	Cond Belief : 1.19497e-05
Fod size : 15	|A| : 9	|B| : 6	Bl (B) :11680	 Nlz : 5.36855e+08	 Bl ({A}) : 1.03219e+06	S({A};B) : 6.57639e+07	Cond Belief : 2.4848e-05
Fod size : 15	|A| : 9	|B| : 7	Bl (B) :31424	 Nlz : 5.36855e+08	 Bl ({A}) : 1.03219e+06	S({A};B) : 1.33068e+08	Cond Belief : 7.80228e-05
Fod size : 15	|A| : 9	|B| : 8	Bl (B) :63360	 Nlz : 5.36855e+08	 Bl ({A}) : 1.03219e+06	S({A};B) : 2.67201e+08	Cond Belief : 0.000235871
Fod size : 15	|A| : 9	|B| : 9	Bl (B) :130816	 Nlz : 5.36855e+08	 Bl ({A}) : 1.03219e+06	S({A};B) : 5.35692e+08	Cond Belief : 1
Fod size : 15	|A| : 10	|B| : 1	Bl (B) :16	 Nlz : 5.36855e+08	 Bl ({A}) : 507904	S({A};B) : 508400	Cond Belief : 2.98598e-08
Fod size : 15	|A| : 10	|B| : 2	Bl (B) :1536	 Nlz : 5.36855e+08	 Bl ({A}) : 507904	S({A};B) : 1.57133e+06	Cond Belief : 2.87223e-06
Fod size : 15	|A| : 10	|B| : 3	Bl (B) :536	 Nlz : 5.36855e+08	 Bl ({A}) : 507904	S({A};B) : 3.57194e+06	Cond Belief : 1.00605e-06
Fod size : 15	|A| : 10	|B| : 4	Bl (B) :6336	 Nlz : 5.36855e+08	 Bl ({A}) : 507904	S({A};B) : 7.81498e+06	Cond Belief : 1.19879e-05
Fod size : 15	|A| : 10	|B| : 5	Bl (B) :14864	 Nlz : 5.36855e+08	 Bl ({A}) : 507904	S({A};B) : 1.62058e+07	Cond Belief : 2.85769e-05
Fod size : 15	|A| : 10	|B| : 6	Bl (B) :13664	 Nlz : 5.36855e+08	 Bl ({A}) : 507904	S({A};B) : 3.24215e+07	Cond Belief : 2.71151e-05
Fod size : 15	|A| : 10	|B| : 7	Bl (B) :65024	 Nlz : 5.36855e+08	 Bl ({A}) : 507904	S({A};B) : 6.65196e+07	Cond Belief : 0.0001384
Fod size : 15	|A| : 10	|B| : 8	Bl (B) :32640	 Nlz : 5.36855e+08	 Bl ({A}) : 507904	S({A};B) : 1.30527e+08	Cond Belief : 8.04299e-05
Fod size : 15	|A| : 10	|B| : 9	Bl (B) :245504	 Nlz : 5.36855e+08	 Bl ({A}) : 507904	S({A};B) : 2.6715e+08	Cond Belief : 0.000911986
Fod size : 15	|A| : 10	|B| : 10	Bl (B) :523776	 Nlz : 5.36855e+08	 Bl ({A}) : 507904	S({A};B) : 5.35823e+08	Cond Belief : 1
Fod size : 15	|A| : 11	|B| : 1	Bl (B) :8	 Nlz : 5.36855e+08	 Bl ({A}) : 245760	S({A};B) : 245880	Cond Belief : 1.49153e-08
Fod size : 15	|A| : 11	|B| : 2	Bl (B) :192	 Nlz : 5.36855e+08	 Bl ({A}) : 245760	S({A};B) : 740160	Cond Belief : 3.58297e-07
Fod size : 15	|A| : 11	|B| : 3	Bl (B) :1184	 Nlz : 5.36855e+08	 Bl ({A}) : 245760	S({A};B) : 1.73808e+06	Cond Belief : 2.21362e-06
Fod size : 15	|A| : 11	|B| : 4	Bl (B) :8472	 Nlz : 5.36855e+08	 Bl ({A}) : 245760	S({A};B) : 3.81348e+06	Cond Belief : 1.5901e-05
Fod size : 15	|A| : 11	|B| : 5	Bl (B) :10800	 Nlz : 5.36855e+08	 Bl ({A}) : 245760	S({A};B) : 7.78056e+06	Cond Belief : 2.04225e-05
Fod size : 15	|A| : 11	|B| : 6	Bl (B) :43904	 Nlz : 5.36855e+08	 Bl ({A}) : 245760	S({A};B) : 1.61414e+07	Cond Belief : 8.4355e-05
Fod size : 15	|A| : 11	|B| : 7	Bl (B) :118336	 Nlz : 5.36855e+08	 Bl ({A}) : 245760	S({A};B) : 3.29866e+07	Cond Belief : 0.00023497
Fod size : 15	|A| : 11	|B| : 8	Bl (B) :187264	 Nlz : 5.36855e+08	 Bl ({A}) : 245760	S({A};B) : 6.54778e+07	Cond Belief : 0.000397478
Fod size : 15	|A| : 11	|B| : 9	Bl (B) :519680	 Nlz : 5.36855e+08	 Bl ({A}) : 245760	S({A};B) : 1.33379e+08	Cond Belief : 0.00128879
Fod size : 15	|A| : 11	|B| : 10	Bl (B) :523776	 Nlz : 5.36855e+08	 Bl ({A}) : 245760	S({A};B) : 2.59269e+08	Cond Belief : 0.00188857
Fod size : 15	|A| : 11	|B| : 11	Bl (B) :2.09613e+06	 Nlz : 5.36855e+08	 Bl ({A}) : 245760	S({A};B) : 5.34513e+08	Cond Belief : 1
Fod size : 15	|A| : 12	|B| : 1	Bl (B) :8	 Nlz : 5.36855e+08	 Bl ({A}) : 114688	S({A};B) : 114744	Cond Belief : 1.4908e-08
Fod size : 15	|A| : 12	|B| : 2	Bl (B) :4100	 Nlz : 5.36855e+08	 Bl ({A}) : 114688	S({A};B) : 372764	Cond Belief : 7.64402e-06
Fod size : 15	|A| : 12	|B| : 3	Bl (B) :4288	 Nlz : 5.36855e+08	 Bl ({A}) : 114688	S({A};B) : 832832	Cond Belief : 8.00139e-06
Fod size : 15	|A| : 12	|B| : 4	Bl (B) :4680	 Nlz : 5.36855e+08	 Bl ({A}) : 114688	S({A};B) : 1.75308e+06	Cond Belief : 8.74788e-06
Fod size : 15	|A| : 12	|B| : 5	Bl (B) :33136	 Nlz : 5.36855e+08	 Bl ({A}) : 114688	S({A};B) : 3.78728e+06	Cond Belief : 6.21744e-05
Fod size : 15	|A| : 12	|B| : 6	Bl (B) :75168	 Nlz : 5.36855e+08	 Bl ({A}) : 114688	S({A};B) : 7.75152e+06	Cond Belief : 0.000142098
Fod size : 15	|A| : 12	|B| : 7	Bl (B) :119680	 Nlz : 5.36855e+08	 Bl ({A}) : 114688	S({A};B) : 1.54031e+07	Cond Belief : 0.000229564
Fod size : 15	|A| : 12	|B| : 8	Bl (B) :327168	 Nlz : 5.36855e+08	 Bl ({A}) : 114688	S({A};B) : 3.15356e+07	Cond Belief : 0.000647596
Fod size : 15	|A| : 12	|B| : 9	Bl (B) :977664	 Nlz : 5.36855e+08	 Bl ({A}) : 114688	S({A};B) : 6.54492e+07	Cond Belief : 0.00207444
Fod size : 15	|A| : 12	|B| : 10	Bl (B) :2.01472e+06	 Nlz : 5.36855e+08	 Bl ({A}) : 114688	S({A};B) : 1.31429e+08	Cond Belief : 0.0049708
Fod size : 15	|A| : 12	|B| : 11	Bl (B) :3.93114e+06	 Nlz : 5.36855e+08	 Bl ({A}) : 114688	S({A};B) : 2.62284e+08	Cond Belief : 0.0143234
Fod size : 15	|A| : 12	|B| : 12	Bl (B) :8.38656e+06	 Nlz : 5.36855e+08	 Bl ({A}) : 114688	S({A};B) : 5.28353e+08	Cond Belief : 1
Fod size : 15	|A| : 13	|B| : 1	Bl (B) :1024	 Nlz : 5.36855e+08	 Bl ({A}) : 49152	S({A};B) : 52224	Cond Belief : 1.90777e-06
Fod size : 15	|A| : 13	|B| : 2	Bl (B) :4224	 Nlz : 5.36855e+08	 Bl ({A}) : 49152	S({A};B) : 160128	Cond Belief : 7.87112e-06
Fod size : 15	|A| : 13	|B| : 3	Bl (B) :8456	 Nlz : 5.36855e+08	 Bl ({A}) : 49152	S({A};B) : 369432	Cond Belief : 1.57633e-05
Fod size : 15	|A| : 13	|B| : 4	Bl (B) :18176	 Nlz : 5.36855e+08	 Bl ({A}) : 49152	S({A};B) : 791808	Cond Belief : 3.39096e-05
Fod size : 15	|A| : 13	|B| : 5	Bl (B) :22272	 Nlz : 5.36855e+08	 Bl ({A}) : 49152	S({A};B) : 1.59053e+06	Cond Belief : 4.16132e-05
Fod size : 15	|A| : 13	|B| : 6	Bl (B) :116928	 Nlz : 5.36855e+08	 Bl ({A}) : 49152	S({A};B) : 3.44736e+06	Cond Belief : 0.00021923
Fod size : 15	|A| : 13	|B| : 7	Bl (B) :292608	 Nlz : 5.36855e+08	 Bl ({A}) : 49152	S({A};B) : 7.12013e+06	Cond Belief : 0.000552419
Fod size : 15	|A| : 13	|B| : 8	Bl (B) :253440	 Nlz : 5.36855e+08	 Bl ({A}) : 49152	S({A};B) : 1.32941e+07	Cond Belief : 0.000484116
Fod size : 15	|A| : 13	|B| : 9	Bl (B) :1.75078e+06	 Nlz : 5.36855e+08	 Bl ({A}) : 49152	S({A};B) : 3.0369e+07	Cond Belief : 0.00345707
Fod size : 15	|A| : 13	|B| : 10	Bl (B) :4.18253e+06	 Nlz : 5.36855e+08	 Bl ({A}) : 49152	S({A};B) : 6.28301e+07	Cond Belief : 0.00882436
Fod size : 15	|A| : 13	|B| : 11	Bl (B) :7.99437e+06	 Nlz : 5.36855e+08	 Bl ({A}) : 49152	S({A};B) : 1.24597e+08	Cond Belief : 0.019394
Fod size : 15	|A| : 13	|B| : 12	Bl (B) :1.67424e+07	 Nlz : 5.36855e+08	 Bl ({A}) : 49152	S({A};B) : 2.51505e+08	Cond Belief : 0.0586833
Fod size : 15	|A| : 13	|B| : 13	Bl (B) :3.35503e+07	 Nlz : 5.36855e+08	 Bl ({A}) : 49152	S({A};B) : 5.03255e+08	Cond Belief : 1
Fod size : 15	|A| : 14	|B| : 1	Bl (B) :256	 Nlz : 5.36855e+08	 Bl ({A}) : 16384	S({A};B) : 16640	Cond Belief : 4.76881e-07
Fod size : 15	|A| : 14	|B| : 2	Bl (B) :2080	 Nlz : 5.36855e+08	 Bl ({A}) : 16384	S({A};B) : 51232	Cond Belief : 3.87491e-06
Fod size : 15	|A| : 14	|B| : 3	Bl (B) :16520	 Nlz : 5.36855e+08	 Bl ({A}) : 16384	S({A};B) : 131208	Cond Belief : 3.07803e-05
Fod size : 15	|A| : 14	|B| : 4	Bl (B) :312	 Nlz : 5.36855e+08	 Bl ({A}) : 16384	S({A};B) : 246072	Cond Belief : 5.81447e-07
Fod size : 15	|A| : 14	|B| : 5	Bl (B) :155728	 Nlz : 5.36855e+08	 Bl ({A}) : 16384	S({A};B) : 663632	Cond Belief : 0.000290443
Fod size : 15	|A| : 14	|B| : 6	Bl (B) :53920	 Nlz : 5.36855e+08	 Bl ({A}) : 16384	S({A};B) : 1.08611e+06	Cond Belief : 0.000100644
Fod size : 15	|A| : 14	|B| : 7	Bl (B) :224384	 Nlz : 5.36855e+08	 Bl ({A}) : 16384	S({A};B) : 2.30515e+06	Cond Belief : 0.000419776
Fod size : 15	|A| : 14	|B| : 8	Bl (B) :698240	 Nlz : 5.36855e+08	 Bl ({A}) : 16384	S({A};B) : 4.87616e+06	Cond Belief : 0.00131257
Fod size : 15	|A| : 14	|B| : 9	Bl (B) :3.90298e+06	 Nlz : 5.36855e+08	 Bl ({A}) : 16384	S({A};B) : 1.22752e+07	Cond Belief : 0.00744043
Fod size : 15	|A| : 14	|B| : 10	Bl (B) :6.27149e+06	 Nlz : 5.36855e+08	 Bl ({A}) : 16384	S({A};B) : 2.30323e+07	Cond Belief : 0.0122059
Fod size : 15	|A| : 14	|B| : 11	Bl (B) :1.23187e+07	 Nlz : 5.36855e+08	 Bl ({A}) : 16384	S({A};B) : 4.58568e+07	Cond Belief : 0.02509
Fod size : 15	|A| : 14	|B| : 12	Bl (B) :3.09309e+07	 Nlz : 5.36855e+08	 Bl ({A}) : 16384	S({A};B) : 9.80234e+07	Cond Belief : 0.0704875
Fod size : 15	|A| : 14	|B| : 13	Bl (B) :6.70884e+07	 Nlz : 5.36855e+08	 Bl ({A}) : 16384	S({A};B) : 2.0129e+08	Cond Belief : 0.199937
Fod size : 15	|A| : 14	|B| : 14	Bl (B) :1.3421e+08	 Nlz : 5.36855e+08	 Bl ({A}) : 16384	S({A};B) : 4.02629e+08	Cond Belief : 1
Fod size : 15	|A| : 15	|B| : 1	Bl (B) :1024	 Nlz : 5.36855e+08	 Bl ({A}) : 0	S({A};B) : 0	Cond Belief : 1.90741e-06
Fod size : 15	|A| : 15	|B| : 2	Bl (B) :16400	 Nlz : 5.36855e+08	 Bl ({A}) : 0	S({A};B) : 0	Cond Belief : 3.05483e-05
Fod size : 15	|A| : 15	|B| : 3	Bl (B) :580	 Nlz : 5.36855e+08	 Bl ({A}) : 0	S({A};B) : 0	Cond Belief : 1.08037e-06
Fod size : 15	|A| : 15	|B| : 4	Bl (B) :132192	 Nlz : 5.36855e+08	 Bl ({A}) : 0	S({A};B) : 0	Cond Belief : 0.000246234
Fod size : 15	|A| : 15	|B| : 5	Bl (B) :90496	 Nlz : 5.36855e+08	 Bl ({A}) : 0	S({A};B) : 0	Cond Belief : 0.000168567
Fod size : 15	|A| : 15	|B| : 6	Bl (B) :107168	 Nlz : 5.36855e+08	 Bl ({A}) : 0	S({A};B) : 0	Cond Belief : 0.000199622
Fod size : 15	|A| : 15	|B| : 7	Bl (B) :697152	 Nlz : 5.36855e+08	 Bl ({A}) : 0	S({A};B) : 0	Cond Belief : 0.00129859
Fod size : 15	|A| : 15	|B| : 8	Bl (B) :1.2512e+06	 Nlz : 5.36855e+08	 Bl ({A}) : 0	S({A};B) : 0	Cond Belief : 0.00233061
Fod size : 15	|A| : 15	|B| : 9	Bl (B) :1.37574e+06	 Nlz : 5.36855e+08	 Bl ({A}) : 0	S({A};B) : 0	Cond Belief : 0.0025626
Fod size : 15	|A| : 15	|B| : 10	Bl (B) :1.14806e+07	 Nlz : 5.36855e+08	 Bl ({A}) : 0	S({A};B) : 0	Cond Belief : 0.0213849
Fod size : 15	|A| : 15	|B| : 11	Bl (B) :8.31386e+06	 Nlz : 5.36855e+08	 Bl ({A}) : 0	S({A};B) : 0	Cond Belief : 0.0154862
Fod size : 15	|A| : 15	|B| : 12	Bl (B) :6.67628e+07	 Nlz : 5.36855e+08	 Bl ({A}) : 0	S({A};B) : 0	Cond Belief : 0.124359
Fod size : 15	|A| : 15	|B| : 13	Bl (B) :1.32051e+08	 Nlz : 5.36855e+08	 Bl ({A}) : 0	S({A};B) : 0	Cond Belief : 0.245972
Fod size : 15	|A| : 15	|B| : 14	Bl (B) :2.68419e+08	 Nlz : 5.36855e+08	 Bl ({A}) : 0	S({A};B) : 0	Cond Belief : 0.499985
Fod size : 15	|A| : 15	|B| : 15	Bl (B) :5.36855e+08	 Nlz : 5.36855e+08	 Bl ({A}) : 0	S({A};B) : 0	Cond Belief : 1
FoD size : 15 Time spent : 0
Fod size : 20	|A| : 1	|B| : 1	Bl (B) :1	 Nlz : 5.49755e+11	 Bl ({A}) : 2.74877e+11	S({A};B) : 2.74878e+11	Cond Belief : 1
Fod size : 20	|A| : 2	|B| : 1	Bl (B) :1	 Nlz : 5.49755e+11	 Bl ({A}) : 1.37438e+11	S({A};B) : 1.37439e+11	Cond Belief : 3.63798e-12
Fod size : 20	|A| : 2	|B| : 2	Bl (B) :6	 Nlz : 5.49755e+11	 Bl ({A}) : 1.37438e+11	S({A};B) : 4.12317e+11	Cond Belief : 1
Fod size : 20	|A| : 3	|B| : 1	Bl (B) :2	 Nlz : 5.49755e+11	 Bl ({A}) : 6.8719e+10	S({A};B) : 6.87192e+10	Cond Belief : 4.85064e-12
Fod size : 20	|A| : 3	|B| : 2	Bl (B) :10	 Nlz : 5.49755e+11	 Bl ({A}) : 6.8719e+10	S({A};B) : 2.06158e+11	Cond Belief : 3.63798e-11
Fod size : 20	|A| : 3	|B| : 3	Bl (B) :28	 Nlz : 5.49755e+11	 Bl ({A}) : 6.8719e+10	S({A};B) : 4.81036e+11	Cond Belief : 1
Fod size : 20	|A| : 4	|B| : 1	Bl (B) :2	 Nlz : 5.49755e+11	 Bl ({A}) : 3.43592e+10	S({A};B) : 3.43593e+10	Cond Belief : 4.15769e-12
Fod size : 20	|A| : 4	|B| : 2	Bl (B) :6	 Nlz : 5.49755e+11	 Bl ({A}) : 3.43592e+10	S({A};B) : 1.03078e+11	Cond Belief : 1.45519e-11
Fod size : 20	|A| : 4	|B| : 3	Bl (B) :44	 Nlz : 5.49755e+11	 Bl ({A}) : 3.43592e+10	S({A};B) : 2.40517e+11	Cond Belief : 1.60071e-10
Fod size : 20	|A| : 4	|B| : 4	Bl (B) :120	 Nlz : 5.49755e+11	 Bl ({A}) : 3.43592e+10	S({A};B) : 5.15396e+11	Cond Belief : 1
Fod size : 20	|A| : 5	|B| : 1	Bl (B) :1	 Nlz : 5.49755e+11	 Bl ({A}) : 1.71793e+10	S({A};B) : 1.71794e+10	Cond Belief : 1.94025e-12
Fod size : 20	|A| : 5	|B| : 2	Bl (B) :34	 Nlz : 5.49755e+11	 Bl ({A}) : 1.71793e+10	S({A};B) : 5.15391e+10	Cond Belief : 7.06807e-11
Fod size : 20	|A| : 5	|B| : 3	Bl (B) :100	 Nlz : 5.49755e+11	 Bl ({A}) : 1.71793e+10	S({A};B) : 1.20259e+11	Cond Belief : 2.42532e-10
Fod size : 20	|A| : 5	|B| : 4	Bl (B) :120	 Nlz : 5.49755e+11	 Bl ({A}) : 1.71793e+10	S({A};B) : 2.57694e+11	Cond Belief : 4.36551e-10
Fod size : 20	|A| : 5	|B| : 5	Bl (B) :496	 Nlz : 5.49755e+11	 Bl ({A}) : 1.71793e+10	S({A};B) : 5.32576e+11	Cond Belief : 1
Fod size : 20	|A| : 6	|B| : 1	Bl (B) :4	 Nlz : 5.49755e+11	 Bl ({A}) : 8.58941e+09	S({A};B) : 8.58948e+09	Cond Belief : 7.51066e-12
Fod size : 20	|A| : 6	|B| : 2	Bl (B) :36	 Nlz : 5.49755e+11	 Bl ({A}) : 8.58941e+09	S({A};B) : 2.57688e+10	Cond Belief : 6.98491e-11
Fod size : 20	|A| : 6	|B| : 3	Bl (B) :56	 Nlz : 5.49755e+11	 Bl ({A}) : 8.58941e+09	S({A};B) : 6.01268e+10	Cond Belief : 1.16415e-10
Fod size : 20	|A| : 6	|B| : 4	Bl (B) :184	 Nlz : 5.49755e+11	 Bl ({A}) : 8.58941e+09	S({A};B) : 1.28844e+11	Cond Belief : 4.46253e-10
Fod size : 20	|A| : 6	|B| : 5	Bl (B) :880	 Nlz : 5.49755e+11	 Bl ({A}) : 8.58941e+09	S({A};B) : 2.66286e+11	Cond Belief : 3.2014e-09
Fod size : 20	|A| : 6	|B| : 6	Bl (B) :2016	 Nlz : 5.49755e+11	 Bl ({A}) : 8.58941e+09	S({A};B) : 5.41166e+11	Cond Belief : 1
Fod size : 20	|A| : 7	|B| : 1	Bl (B) :2	 Nlz : 5.49755e+11	 Bl ({A}) : 4.29444e+09	S({A};B) : 4.29446e+09	Cond Belief : 3.69572e-12
Fod size : 20	|A| : 7	|B| : 2	Bl (B) :10	 Nlz : 5.49755e+11	 Bl ({A}) : 4.29444e+09	S({A};B) : 1.28834e+10	Cond Belief : 1.87766e-11
Fod size : 20	|A| : 7	|B| : 3	Bl (B) :52	 Nlz : 5.49755e+11	 Bl ({A}) : 4.29444e+09	S({A};B) : 3.00615e+10	Cond Belief : 1.00893e-10
Fod size : 20	|A| : 7	|B| : 4	Bl (B) :624	 Nlz : 5.49755e+11	 Bl ({A}) : 4.29444e+09	S({A};B) : 6.44218e+10	Cond Belief : 1.29719e-09
Fod size : 20	|A| : 7	|B| : 5	Bl (B) :1744	 Nlz : 5.49755e+11	 Bl ({A}) : 4.29444e+09	S({A};B) : 1.33142e+11	Cond Belief : 4.22974e-09
Fod size : 20	|A| : 7	|B| : 6	Bl (B) :3808	 Nlz : 5.49755e+11	 Bl ({A}) : 4.29444e+09	S({A};B) : 2.70581e+11	Cond Belief : 1.38533e-08
Fod size : 20	|A| : 7	|B| : 7	Bl (B) :8128	 Nlz : 5.49755e+11	 Bl ({A}) : 4.29444e+09	S({A};B) : 5.45461e+11	Cond Belief : 1
Fod size : 20	|A| : 8	|B| : 1	Bl (B) :16	 Nlz : 5.49755e+11	 Bl ({A}) : 2.14696e+09	S({A};B) : 2.14702e+09	Cond Belief : 2.9333e-11
Fod size : 20	|A| : 8	|B| : 2	Bl (B) :48	 Nlz : 5.49755e+11	 Bl ({A}) : 2.14696e+09	S({A};B) : 6.44107e+09	Cond Belief : 8.86972e-11
Fod size : 20	|A| : 8	|B| : 3	Bl (B) :208	 Nlz : 5.49755e+11	 Bl ({A}) : 2.14696e+09	S({A};B) : 1.50296e+10	Cond Belief : 3.90553e-10
Fod size : 20	|A| : 8	|B| : 4	Bl (B) :848	 Nlz : 5.49755e+11	 Bl ({A}) : 2.14696e+09	S({A};B) : 3.22079e+10	Cond Belief : 1.64532e-09
Fod size : 20	|A| : 8	|B| : 5	Bl (B) :752	 Nlz : 5.49755e+11	 Bl ({A}) : 2.14696e+09	S({A};B) : 6.65588e+10	Cond Belief : 1.56325e-09
Fod size : 20	|A| : 8	|B| : 6	Bl (B) :2016	 Nlz : 5.49755e+11	 Bl ({A}) : 2.14696e+09	S({A};B) : 1.35267e+11	Cond Belief : 4.88915e-09
Fod size : 20	|A| : 8	|B| : 7	Bl (B) :12224	 Nlz : 5.49755e+11	 Bl ({A}) : 2.14696e+09	S({A};B) : 2.72714e+11	Cond Belief : 4.4468e-08
Fod size : 20	|A| : 8	|B| : 8	Bl (B) :32640	 Nlz : 5.49755e+11	 Bl ({A}) : 2.14696e+09	S({A};B) : 5.47608e+11	Cond Belief : 1
Fod size : 20	|A| : 9	|B| : 1	Bl (B) :1	 Nlz : 5.49755e+11	 Bl ({A}) : 1.07322e+09	S({A};B) : 1.07322e+09	Cond Belief : 1.82612e-12
Fod size : 20	|A| : 9	|B| : 2	Bl (B) :288	 Nlz : 5.49755e+11	 Bl ({A}) : 1.07322e+09	S({A};B) : 3.22024e+09	Cond Belief : 5.27993e-10
Fod size : 20	|A| : 9	|B| : 3	Bl (B) :1600	 Nlz : 5.49755e+11	 Bl ({A}) : 1.07322e+09	S({A};B) : 7.5158e+09	Cond Belief : 2.95658e-09
Fod size : 20	|A| : 9	|B| : 4	Bl (B) :120	 Nlz : 5.49755e+11	 Bl ({A}) : 1.07322e+09	S({A};B) : 1.60985e+10	Cond Belief : 2.25317e-10
Fod size : 20	|A| : 9	|B| : 5	Bl (B) :4816	 Nlz : 5.49755e+11	 Bl ({A}) : 1.07322e+09	S({A};B) : 3.32796e+10	Cond Belief : 9.34415e-09
Fod size : 20	|A| : 9	|B| : 6	Bl (B) :11712	 Nlz : 5.49755e+11	 Bl ({A}) : 1.07322e+09	S({A};B) : 6.76367e+10	Cond Belief : 2.4347e-08
Fod size : 20	|A| : 9	|B| : 7	Bl (B) :26560	 Nlz : 5.49755e+11	 Bl ({A}) : 1.07322e+09	S({A};B) : 1.36353e+11	Cond Belief : 6.44146e-08
Fod size : 20	|A| : 9	|B| : 8	Bl (B) :64384	 Nlz : 5.49755e+11	 Bl ({A}) : 1.07322e+09	S({A};B) : 2.73802e+11	Cond Belief : 2.34226e-07
Fod size : 20	|A| : 9	|B| : 9	Bl (B) :130816	 Nlz : 5.49755e+11	 Bl ({A}) : 1.07322e+09	S({A};B) : 5.48682e+11	Cond Belief : 1
Fod size : 20	|A| : 10	|B| : 1	Bl (B) :2	 Nlz : 5.49755e+11	 Bl ({A}) : 5.36347e+08	S({A};B) : 5.36349e+08	Cond Belief : 3.64509e-12
Fod size : 20	|A| : 10	|B| : 2	Bl (B) :1152	 Nlz : 5.49755e+11	 Bl ({A}) : 5.36347e+08	S({A};B) : 1.61022e+09	Cond Belief : 2.10369e-09
Fod size : 20	|A| : 10	|B| : 3	Bl (B) :2816	 Nlz : 5.49755e+11	 Bl ({A}) : 5.36347e+08	S({A};B) : 3.75731e+09	Cond Belief : 5.1626e-09
Fod size : 20	|A| : 10	|B| : 4	Bl (B) :808	 Nlz : 5.49755e+11	 Bl ({A}) : 5.36347e+08	S({A};B) : 8.04603e+09	Cond Belief : 1.49305e-09
Fod size : 20	|A| : 10	|B| : 5	Bl (B) :13856	 Nlz : 5.49755e+11	 Bl ({A}) : 5.36347e+08	S({A};B) : 1.66409e+10	Cond Belief : 2.60168e-08
Fod size : 20	|A| : 10	|B| : 6	Bl (B) :19808	 Nlz : 5.49755e+11	 Bl ({A}) : 5.36347e+08	S({A};B) : 3.38101e+10	Cond Belief : 3.84316e-08
Fod size : 20	|A| : 10	|B| : 7	Bl (B) :64576	 Nlz : 5.49755e+11	 Bl ({A}) : 5.36347e+08	S({A};B) : 6.81821e+10	Cond Belief : 1.34243e-07
Fod size : 20	|A| : 10	|B| : 8	Bl (B) :94080	 Nlz : 5.49755e+11	 Bl ({A}) : 5.36347e+08	S({A};B) : 1.36865e+11	Cond Belief : 2.28153e-07
Fod size : 20	|A| : 10	|B| : 9	Bl (B) :257792	 Nlz : 5.49755e+11	 Bl ({A}) : 5.36347e+08	S({A};B) : 2.74337e+11	Cond Belief : 9.37828e-07
Fod size : 20	|A| : 10	|B| : 10	Bl (B) :523776	 Nlz : 5.49755e+11	 Bl ({A}) : 5.36347e+08	S({A};B) : 5.49218e+11	Cond Belief : 1
Fod size : 20	|A| : 11	|B| : 1	Bl (B) :256	 Nlz : 5.49755e+11	 Bl ({A}) : 2.67911e+08	S({A};B) : 2.68042e+08	Cond Belief : 4.66116e-10
Fod size : 20	|A| : 11	|B| : 2	Bl (B) :272	 Nlz : 5.49755e+11	 Bl ({A}) : 2.67911e+08	S({A};B) : 8.03872e+08	Cond Belief : 4.95732e-10
Fod size : 20	|A| : 11	|B| : 3	Bl (B) :28	 Nlz : 5.49755e+11	 Bl ({A}) : 2.67911e+08	S({A};B) : 1.87539e+09	Cond Belief : 5.11311e-11
Fod size : 20	|A| : 11	|B| : 4	Bl (B) :14464	 Nlz : 5.49755e+11	 Bl ({A}) : 2.67911e+08	S({A};B) : 4.02606e+09	Cond Belief : 2.6517e-08
Fod size : 20	|A| : 11	|B| : 5	Bl (B) :3376	 Nlz : 5.49755e+11	 Bl ({A}) : 2.67911e+08	S({A};B) : 8.30697e+09	Cond Belief : 6.23822e-09
Fod size : 20	|A| : 11	|B| : 6	Bl (B) :26432	 Nlz : 5.49755e+11	 Bl ({A}) : 2.67911e+08	S({A};B) : 1.68919e+10	Cond Belief : 4.96287e-08
Fod size : 20	|A| : 11	|B| : 7	Bl (B) :60608	 Nlz : 5.49755e+11	 Bl ({A}) : 2.67911e+08	S({A};B) : 3.40557e+10	Cond Belief : 1.17587e-07
Fod size : 20	|A| : 11	|B| : 8	Bl (B) :65280	 Nlz : 5.49755e+11	 Bl ({A}) : 2.67911e+08	S({A};B) : 6.83507e+10	Cond Belief : 1.35679e-07
Fod size : 20	|A| : 11	|B| : 9	Bl (B) :515584	 Nlz : 5.49755e+11	 Bl ({A}) : 2.67911e+08	S({A};B) : 1.37166e+11	Cond Belief : 1.25044e-06
Fod size : 20	|A| : 11	|B| : 10	Bl (B) :523776	 Nlz : 5.49755e+11	 Bl ({A}) : 2.67911e+08	S({A};B) : 2.74341e+11	Cond Belief : 1.90363e-06
Fod size : 20	|A| : 11	|B| : 11	Bl (B) :2.09613e+06	 Nlz : 5.49755e+11	 Bl ({A}) : 2.67911e+08	S({A};B) : 5.49485e+11	Cond Belief : 1
Fod size : 20	|A| : 12	|B| : 1	Bl (B) :1024	 Nlz : 5.49755e+11	 Bl ({A}) : 1.33693e+08	S({A};B) : 1.33955e+08	Cond Belief : 1.86355e-09
Fod size : 20	|A| : 12	|B| : 2	Bl (B) :4100	 Nlz : 5.49755e+11	 Bl ({A}) : 1.33693e+08	S({A};B) : 4.02126e+08	Cond Belief : 7.46514e-09
Fod size : 20	|A| : 12	|B| : 3	Bl (B) :1540	 Nlz : 5.49755e+11	 Bl ({A}) : 1.33693e+08	S({A};B) : 9.36247e+08	Cond Belief : 2.80671e-09
Fod size : 20	|A| : 12	|B| : 4	Bl (B) :16712	 Nlz : 5.49755e+11	 Bl ({A}) : 1.33693e+08	S({A};B) : 2.00966e+09	Cond Belief : 3.0518e-08
Fod size : 20	|A| : 12	|B| : 5	Bl (B) :3632	 Nlz : 5.49755e+11	 Bl ({A}) : 1.33693e+08	S({A};B) : 4.14542e+09	Cond Belief : 6.6584e-09
Fod size : 20	|A| : 12	|B| : 6	Bl (B) :83392	 Nlz : 5.49755e+11	 Bl ({A}) : 1.33693e+08	S({A};B) : 8.44395e+09	Cond Belief : 1.54094e-07
Fod size : 20	|A| : 12	|B| : 7	Bl (B) :161536	 Nlz : 5.49755e+11	 Bl ({A}) : 1.33693e+08	S({A};B) : 1.70203e+10	Cond Belief : 3.03296e-07
Fod size : 20	|A| : 12	|B| : 8	Bl (B) :248704	 Nlz : 5.49755e+11	 Bl ({A}) : 1.33693e+08	S({A};B) : 3.41552e+10	Cond Belief : 4.82483e-07
Fod size : 20	|A| : 12	|B| : 9	Bl (B) :745216	 Nlz : 5.49755e+11	 Bl ({A}) : 1.33693e+08	S({A};B) : 6.85074e+10	Cond Belief : 1.54894e-06
Fod size : 20	|A| : 12	|B| : 10	Bl (B) :1.96147e+06	 Nlz : 5.49755e+11	 Bl ({A}) : 1.33693e+08	S({A};B) : 1.37269e+11	Cond Belief : 4.75678e-06
Fod size : 20	|A| : 12	|B| : 11	Bl (B) :4.18918e+06	 Nlz : 5.49755e+11	 Bl ({A}) : 1.33693e+08	S({A};B) : 2.74739e+11	Cond Belief : 1.52399e-05
Fod size : 20	|A| : 12	|B| : 12	Bl (B) :8.38656e+06	 Nlz : 5.49755e+11	 Bl ({A}) : 1.33693e+08	S({A};B) : 5.49613e+11	Cond Belief : 1
Fod size : 20	|A| : 13	|B| : 1	Bl (B) :16	 Nlz : 5.49755e+11	 Bl ({A}) : 6.65846e+07	S({A};B) : 6.65866e+07	Cond Belief : 2.91109e-11
Fod size : 20	|A| : 13	|B| : 2	Bl (B) :4160	 Nlz : 5.49755e+11	 Bl ({A}) : 6.65846e+07	S({A};B) : 2.00282e+08	Cond Belief : 7.57068e-09
Fod size : 20	|A| : 13	|B| : 3	Bl (B) :1044	 Nlz : 5.49755e+11	 Bl ({A}) : 6.65846e+07	S({A};B) : 4.66225e+08	Cond Belief : 1.90087e-09
Fod size : 20	|A| : 13	|B| : 4	Bl (B) :34432	 Nlz : 5.49755e+11	 Bl ({A}) : 6.65846e+07	S({A};B) : 1.00314e+09	Cond Belief : 6.27536e-08
Fod size : 20	|A| : 13	|B| : 5	Bl (B) :44288	 Nlz : 5.49755e+11	 Bl ({A}) : 6.65846e+07	S({A};B) : 2.06975e+09	Cond Belief : 8.08738e-08
Fod size : 20	|A| : 13	|B| : 6	Bl (B) :144256	 Nlz : 5.49755e+11	 Bl ({A}) : 6.65846e+07	S({A};B) : 4.21315e+09	Cond Belief : 2.64459e-07
Fod size : 20	|A| : 13	|B| : 7	Bl (B) :419008	 Nlz : 5.49755e+11	 Bl ({A}) : 6.65846e+07	S({A};B) : 8.50946e+09	Cond Belief : 7.7425e-07
Fod size : 20	|A| : 13	|B| : 8	Bl (B) :748800	 Nlz : 5.49755e+11	 Bl ({A}) : 6.65846e+07	S({A};B) : 1.70742e+10	Cond Belief : 1.40589e-06
Fod size : 20	|A| : 13	|B| : 9	Bl (B) :327424	 Nlz : 5.49755e+11	 Bl ({A}) : 6.65846e+07	S({A};B) : 3.40663e+10	Cond Belief : 6.35007e-07
Fod size : 20	|A| : 13	|B| : 10	Bl (B) :3.96442e+06	 Nlz : 5.49755e+11	 Bl ({A}) : 6.65846e+07	S({A};B) : 6.86195e+10	Cond Belief : 8.24084e-06
Fod size : 20	|A| : 13	|B| : 11	Bl (B) :2.09613e+06	 Nlz : 5.49755e+11	 Bl ({A}) : 6.65846e+07	S({A};B) : 1.36565e+11	Cond Belief : 5.07385e-06
Fod size : 20	|A| : 13	|B| : 12	Bl (B) :1.6767e+07	 Nlz : 5.49755e+11	 Bl ({A}) : 6.65846e+07	S({A};B) : 2.74793e+11	Cond Belief : 6.0994e-05
Fod size : 20	|A| : 13	|B| : 13	Bl (B) :3.35503e+07	 Nlz : 5.49755e+11	 Bl ({A}) : 6.65846e+07	S({A};B) : 5.49655e+11	Cond Belief : 1
Fod size : 20	|A| : 14	|B| : 1	Bl (B) :64	 Nlz : 5.49755e+11	 Bl ({A}) : 3.30301e+07	S({A};B) : 3.30342e+07	Cond Belief : 1.16429e-10
Fod size : 20	|A| : 14	|B| : 2	Bl (B) :6144	 Nlz : 5.49755e+11	 Bl ({A}) : 3.30301e+07	S({A};B) : 9.94775e+07	Cond Belief : 1.11786e-08
Fod size : 20	|A| : 14	|B| : 3	Bl (B) :17920	 Nlz : 5.49755e+11	 Bl ({A}) : 3.30301e+07	S({A};B) : 2.3234e+08	Cond Belief : 3.26121e-08
Fod size : 20	|A| : 14	|B| : 4	Bl (B) :1560	 Nlz : 5.49755e+11	 Bl ({A}) : 3.30301e+07	S({A};B) : 4.9555e+08	Cond Belief : 2.84036e-09
Fod size : 20	|A| : 14	|B| : 5	Bl (B) :46336	 Nlz : 5.49755e+11	 Bl ({A}) : 3.30301e+07	S({A};B) : 1.02685e+09	Cond Belief : 8.44476e-08
Fod size : 20	|A| : 14	|B| : 6	Bl (B) :507936	 Nlz : 5.49755e+11	 Bl ({A}) : 3.30301e+07	S({A};B) : 2.1129e+09	Cond Belief : 9.27552e-07
Fod size : 20	|A| : 14	|B| : 7	Bl (B) :218752	 Nlz : 5.49755e+11	 Bl ({A}) : 3.30301e+07	S({A};B) : 4.20861e+09	Cond Belief : 4.01002e-07
Fod size : 20	|A| : 14	|B| : 8	Bl (B) :776704	 Nlz : 5.49755e+11	 Bl ({A}) : 3.30301e+07	S({A};B) : 8.47162e+09	Cond Belief : 1.43502e-06
Fod size : 20	|A| : 14	|B| : 9	Bl (B) :2.59968e+06	 Nlz : 5.49755e+11	 Bl ({A}) : 3.30301e+07	S({A};B) : 1.70422e+10	Cond Belief : 4.88038e-06
Fod size : 20	|A| : 14	|B| : 10	Bl (B) :5.83219e+06	 Nlz : 5.49755e+11	 Bl ({A}) : 3.30301e+07	S({A};B) : 3.41573e+10	Cond Belief : 1.13122e-05
Fod size : 20	|A| : 14	|B| : 11	Bl (B) :1.67537e+07	 Nlz : 5.49755e+11	 Bl ({A}) : 3.30301e+07	S({A};B) : 6.86682e+10	Cond Belief : 3.4827e-05
Fod size : 20	|A| : 14	|B| : 12	Bl (B) :3.04067e+07	 Nlz : 5.49755e+11	 Bl ({A}) : 3.30301e+07	S({A};B) : 1.37174e+11	Cond Belief : 7.37045e-05
Fod size : 20	|A| : 14	|B| : 13	Bl (B) :6.68426e+07	 Nlz : 5.49755e+11	 Bl ({A}) : 3.30301e+07	S({A};B) : 2.74761e+11	Cond Belief : 0.000243098
Fod size : 20	|A| : 14	|B| : 14	Bl (B) :1.3421e+08	 Nlz : 5.49755e+11	 Bl ({A}) : 3.30301e+07	S({A};B) : 5.49588e+11	Cond Belief : 1
Fod size : 20	|A| : 15	|B| : 1	Bl (B) :256	 Nlz : 5.49755e+11	 Bl ({A}) : 1.62529e+07	S({A};B) : 1.62609e+07	Cond Belief : 4.65689e-10
Fod size : 20	|A| : 15	|B| : 2	Bl (B) :34	 Nlz : 5.49755e+11	 Bl ({A}) : 1.62529e+07	S({A};B) : 4.87598e+07	Cond Belief : 6.1853e-11
Fod size : 20	|A| : 15	|B| : 3	Bl (B) :548	 Nlz : 5.49755e+11	 Bl ({A}) : 1.62529e+07	S({A};B) : 1.13787e+08	Cond Belief : 9.97043e-10
Fod size : 20	|A| : 15	|B| : 4	Bl (B) :36912	 Nlz : 5.49755e+11	 Bl ({A}) : 1.62529e+07	S({A};B) : 2.44938e+08	Cond Belief : 6.71745e-08
Fod size : 20	|A| : 15	|B| : 5	Bl (B) :78880	 Nlz : 5.49755e+11	 Bl ({A}) : 1.62529e+07	S({A};B) : 5.06286e+08	Cond Belief : 1.43619e-07
Fod size : 20	|A| : 15	|B| : 6	Bl (B) :737568	 Nlz : 5.49755e+11	 Bl ({A}) : 1.62529e+07	S({A};B) : 1.0468e+09	Cond Belief : 1.34423e-06
Fod size : 20	|A| : 15	|B| : 7	Bl (B) :380160	 Nlz : 5.49755e+11	 Bl ({A}) : 1.62529e+07	S({A};B) : 2.07591e+09	Cond Belief : 6.94149e-07
Fod size : 20	|A| : 15	|B| : 8	Bl (B) :2.69094e+06	 Nlz : 5.49755e+11	 Bl ({A}) : 1.62529e+07	S({A};B) : 4.22792e+09	Cond Belief : 4.93289e-06
Fod size : 20	|A| : 15	|B| : 9	Bl (B) :2.08307e+06	 Nlz : 5.49755e+11	 Bl ({A}) : 1.62529e+07	S({A};B) : 8.36982e+09	Cond Belief : 3.84778e-06
Fod size : 20	|A| : 15	|B| : 10	Bl (B) :1.15226e+07	 Nlz : 5.49755e+11	 Bl ({A}) : 1.62529e+07	S({A};B) : 1.69839e+10	Cond Belief : 2.16282e-05
Fod size : 20	|A| : 15	|B| : 11	Bl (B) :3.24209e+07	 Nlz : 5.49755e+11	 Bl ({A}) : 1.62529e+07	S({A};B) : 3.42748e+10	Cond Belief : 6.28964e-05
Fod size : 20	|A| : 15	|B| : 12	Bl (B) :3.09309e+07	 Nlz : 5.49755e+11	 Bl ({A}) : 1.62529e+07	S({A};B) : 6.75146e+10	Cond Belief : 6.41422e-05
Fod size : 20	|A| : 15	|B| : 13	Bl (B) :1.34078e+08	 Nlz : 5.49755e+11	 Bl ({A}) : 1.62529e+07	S({A};B) : 1.37284e+11	Cond Belief : 0.000325074
Fod size : 20	|A| : 15	|B| : 14	Bl (B) :2.68394e+08	 Nlz : 5.49755e+11	 Bl ({A}) : 1.62529e+07	S({A};B) : 2.74592e+11	Cond Belief : 0.000975458
Fod size : 20	|A| : 15	|B| : 15	Bl (B) :5.36855e+08	 Nlz : 5.49755e+11	 Bl ({A}) : 1.62529e+07	S({A};B) : 5.49202e+11	Cond Belief : 1
Fod size : 20	|A| : 16	|B| : 1	Bl (B) :1	 Nlz : 5.49755e+11	 Bl ({A}) : 7.86432e+06	S({A};B) : 7.86434e+06	Cond Belief : 1.81904e-12
Fod size : 20	|A| : 16	|B| : 2	Bl (B) :2052	 Nlz : 5.49755e+11	 Bl ({A}) : 7.86432e+06	S({A};B) : 2.36237e+07	Cond Belief : 3.73278e-09
Fod size : 20	|A| : 16	|B| : 3	Bl (B) :16516	 Nlz : 5.49755e+11	 Bl ({A}) : 7.86432e+06	S({A};B) : 5.5298e+07	Cond Belief : 3.00459e-08
Fod size : 20	|A| : 16	|B| : 4	Bl (B) :24600	 Nlz : 5.49755e+11	 Bl ({A}) : 7.86432e+06	S({A};B) : 1.18334e+08	Cond Belief : 4.47575e-08
Fod size : 20	|A| : 16	|B| : 5	Bl (B) :533040	 Nlz : 5.49755e+11	 Bl ({A}) : 7.86432e+06	S({A};B) : 2.5179e+08	Cond Belief : 9.70053e-07
Fod size : 20	|A| : 16	|B| : 6	Bl (B) :5856	 Nlz : 5.49755e+11	 Bl ({A}) : 7.86432e+06	S({A};B) : 4.9554e+08	Cond Belief : 1.06618e-08
Fod size : 20	|A| : 16	|B| : 7	Bl (B) :1.02451e+06	 Nlz : 5.49755e+11	 Bl ({A}) : 7.86432e+06	S({A};B) : 1.01414e+09	Cond Belief : 1.86705e-06
Fod size : 20	|A| : 16	|B| : 8	Bl (B) :6.91853e+06	 Nlz : 5.49755e+11	 Bl ({A}) : 7.86432e+06	S({A};B) : 2.10918e+09	Cond Belief : 1.26334e-05
Fod size : 20	|A| : 16	|B| : 9	Bl (B) :1.56032e+07	 Nlz : 5.49755e+11	 Bl ({A}) : 7.86432e+06	S({A};B) : 4.25272e+09	Cond Belief : 2.86038e-05
Fod size : 20	|A| : 16	|B| : 10	Bl (B) :1.12686e+07	 Nlz : 5.49755e+11	 Bl ({A}) : 7.86432e+06	S({A};B) : 8.21423e+09	Cond Belief : 2.08087e-05
Fod size : 20	|A| : 16	|B| : 11	Bl (B) :5.85523e+07	 Nlz : 5.49755e+11	 Bl ({A}) : 7.86432e+06	S({A};B) : 1.69765e+10	Cond Belief : 0.000109902
Fod size : 20	|A| : 16	|B| : 12	Bl (B) :1.33638e+08	 Nlz : 5.49755e+11	 Bl ({A}) : 7.86432e+06	S({A};B) : 3.4209e+10	Cond Belief : 0.000259221
Fod size : 20	|A| : 16	|B| : 13	Bl (B) :2.33304e+08	 Nlz : 5.49755e+11	 Bl ({A}) : 7.86432e+06	S({A};B) : 6.79162e+10	Cond Belief : 0.000484203
Fod size : 20	|A| : 16	|B| : 14	Bl (B) :5.32652e+08	 Nlz : 5.49755e+11	 Bl ({A}) : 7.86432e+06	S({A};B) : 1.36831e+11	Cond Belief : 0.00128998
Fod size : 20	|A| : 16	|B| : 15	Bl (B) :1.07371e+09	 Nlz : 5.49755e+11	 Bl ({A}) : 7.86432e+06	S({A};B) : 2.73796e+11	Cond Belief : 0.00389093
Fod size : 20	|A| : 16	|B| : 16	Bl (B) :2.14745e+09	 Nlz : 5.49755e+11	 Bl ({A}) : 7.86432e+06	S({A};B) : 5.476e+11	Cond Belief : 1
Fod size : 20	|A| : 17	|B| : 1	Bl (B) :256	 Nlz : 5.49755e+11	 Bl ({A}) : 3.67002e+06	S({A};B) : 3.67181e+06	Cond Belief : 4.65668e-10
Fod size : 20	|A| : 17	|B| : 2	Bl (B) :8196	 Nlz : 5.49755e+11	 Bl ({A}) : 3.67002e+06	S({A};B) : 1.10674e+07	Cond Belief : 1.49089e-08
Fod size : 20	|A| : 17	|B| : 3	Bl (B) :4132	 Nlz : 5.49755e+11	 Bl ({A}) : 3.67002e+06	S({A};B) : 2.5719e+07	Cond Belief : 7.51647e-09
Fod size : 20	|A| : 17	|B| : 4	Bl (B) :295440	 Nlz : 5.49755e+11	 Bl ({A}) : 3.67002e+06	S({A};B) : 5.71183e+07	Cond Belief : 5.37462e-07
Fod size : 20	|A| : 17	|B| : 5	Bl (B) :721168	 Nlz : 5.49755e+11	 Bl ({A}) : 3.67002e+06	S({A};B) : 1.18819e+08	Cond Belief : 1.31209e-06
Fod size : 20	|A| : 17	|B| : 6	Bl (B) :1.34662e+06	 Nlz : 5.49755e+11	 Bl ({A}) : 3.67002e+06	S({A};B) : 2.40637e+08	Cond Belief : 2.45059e-06
Fod size : 20	|A| : 17	|B| : 7	Bl (B) :5.12435e+06	 Nlz : 5.49755e+11	 Bl ({A}) : 3.67002e+06	S({A};B) : 5.01962e+08	Cond Belief : 9.32973e-06
Fod size : 20	|A| : 17	|B| : 8	Bl (B) :1.4091e+07	 Nlz : 5.49755e+11	 Bl ({A}) : 3.67002e+06	S({A};B) : 1.03449e+09	Cond Belief : 2.56799e-05
Fod size : 20	|A| : 17	|B| : 9	Bl (B) :6.77786e+06	 Nlz : 5.49755e+11	 Bl ({A}) : 3.67002e+06	S({A};B) : 1.92282e+09	Cond Belief : 1.23722e-05
Fod size : 20	|A| : 17	|B| : 10	Bl (B) :3.19375e+07	 Nlz : 5.49755e+11	 Bl ({A}) : 3.67002e+06	S({A};B) : 3.97799e+09	Cond Belief : 5.85179e-05
Fod size : 20	|A| : 17	|B| : 11	Bl (B) :5.75928e+07	 Nlz : 5.49755e+11	 Bl ({A}) : 3.67002e+06	S({A};B) : 7.91567e+09	Cond Belief : 0.000106292
Fod size : 20	|A| : 17	|B| : 12	Bl (B) :2.42702e+08	 Nlz : 5.49755e+11	 Bl ({A}) : 3.67002e+06	S({A};B) : 1.67276e+10	Cond Belief : 0.000455331
Fod size : 20	|A| : 17	|B| : 13	Bl (B) :5.02653e+08	 Nlz : 5.49755e+11	 Bl ({A}) : 3.67002e+06	S({A};B) : 3.35797e+10	Cond Belief : 0.000973809
Fod size : 20	|A| : 17	|B| : 14	Bl (B) :4.02637e+08	 Nlz : 5.49755e+11	 Bl ({A}) : 3.67002e+06	S({A};B) : 6.29443e+10	Cond Belief : 0.000827097
Fod size : 20	|A| : 17	|B| : 15	Bl (B) :1.87693e+09	 Nlz : 5.49755e+11	 Bl ({A}) : 3.67002e+06	S({A};B) : 1.33394e+11	Cond Belief : 0.00450799
Fod size : 20	|A| : 17	|B| : 16	Bl (B) :4.28655e+09	 Nlz : 5.49755e+11	 Bl ({A}) : 3.67002e+06	S({A};B) : 2.7052e+11	Cond Belief : 0.0153512
Fod size : 20	|A| : 17	|B| : 17	Bl (B) :8.58987e+09	 Nlz : 5.49755e+11	 Bl ({A}) : 3.67002e+06	S({A};B) : 5.41162e+11	Cond Belief : 1
Fod size : 20	|A| : 18	|B| : 1	Bl (B) :1024	 Nlz : 5.49755e+11	 Bl ({A}) : 1.57286e+06	S({A};B) : 1.57594e+06	Cond Belief : 1.86266e-09
Fod size : 20	|A| : 18	|B| : 2	Bl (B) :132096	 Nlz : 5.49755e+11	 Bl ({A}) : 1.57286e+06	S({A};B) : 5.11488e+06	Cond Belief : 2.40284e-07
Fod size : 20	|A| : 18	|B| : 3	Bl (B) :393280	 Nlz : 5.49755e+11	 Bl ({A}) : 1.57286e+06	S({A};B) : 1.21899e+07	Cond Belief : 7.15391e-07
Fod size : 20	|A| : 18	|B| : 4	Bl (B) :1.34554e+06	 Nlz : 5.49755e+11	 Bl ({A}) : 1.57286e+06	S({A};B) : 2.76296e+07	Cond Belief : 2.44765e-06
Fod size : 20	|A| : 18	|B| : 5	Bl (B) :1.63946e+06	 Nlz : 5.49755e+11	 Bl ({A}) : 1.57286e+06	S({A};B) : 5.36772e+07	Cond Belief : 2.98246e-06
Fod size : 20	|A| : 18	|B| : 6	Bl (B) :4.52618e+06	 Nlz : 5.49755e+11	 Bl ({A}) : 1.57286e+06	S({A};B) : 1.12669e+08	Cond Belief : 8.23479e-06
Fod size : 20	|A| : 18	|B| : 7	Bl (B) :9.73875e+06	 Nlz : 5.49755e+11	 Bl ({A}) : 1.57286e+06	S({A};B) : 2.2897e+08	Cond Belief : 1.77221e-05
Fod size : 20	|A| : 18	|B| : 8	Bl (B) :2.76326e+07	 Nlz : 5.49755e+11	 Bl ({A}) : 1.57286e+06	S({A};B) : 4.83978e+08	Cond Belief : 5.0308e-05
Fod size : 20	|A| : 18	|B| : 9	Bl (B) :4.6966e+07	 Nlz : 5.49755e+11	 Bl ({A}) : 1.57286e+06	S({A};B) : 9.44632e+08	Cond Belief : 8.55781e-05
Fod size : 20	|A| : 18	|B| : 10	Bl (B) :2.72087e+07	 Nlz : 5.49755e+11	 Bl ({A}) : 1.57286e+06	S({A};B) : 1.69067e+09	Cond Belief : 4.96452e-05
Fod size : 20	|A| : 18	|B| : 11	Bl (B) :2.49999e+07	 Nlz : 5.49755e+11	 Bl ({A}) : 1.57286e+06	S({A};B) : 3.29465e+09	Cond Belief : 4.5749e-05
Fod size : 20	|A| : 18	|B| : 12	Bl (B) :4.67362e+08	 Nlz : 5.49755e+11	 Bl ({A}) : 1.57286e+06	S({A};B) : 7.84296e+09	Cond Belief : 0.000862433
Fod size : 20	|A| : 18	|B| : 13	Bl (B) :5.02952e+08	 Nlz : 5.49755e+11	 Bl ({A}) : 1.57286e+06	S({A};B) : 1.43922e+10	Cond Belief : 0.000939462
Fod size : 20	|A| : 18	|B| : 14	Bl (B) :1.84509e+09	 Nlz : 5.49755e+11	 Bl ({A}) : 1.57286e+06	S({A};B) : 3.13035e+10	Cond Belief : 0.00355886
Fod size : 20	|A| : 18	|B| : 15	Bl (B) :4.02622e+09	 Nlz : 5.49755e+11	 Bl ({A}) : 1.57286e+06	S({A};B) : 6.36167e+10	Cond Belief : 0.00828207
Fod size : 20	|A| : 18	|B| : 16	Bl (B) :8.58145e+09	 Nlz : 5.49755e+11	 Bl ({A}) : 1.57286e+06	S({A};B) : 1.28822e+11	Cond Belief : 0.0203868
Fod size : 20	|A| : 18	|B| : 17	Bl (B) :1.61061e+10	 Nlz : 5.49755e+11	 Bl ({A}) : 1.57286e+06	S({A};B) : 2.54475e+11	Cond Belief : 0.0545453
Fod size : 20	|A| : 18	|B| : 18	Bl (B) :3.43596e+10	 Nlz : 5.49755e+11	 Bl ({A}) : 1.57286e+06	S({A};B) : 5.15394e+11	Cond Belief : 1
Fod size : 20	|A| : 19	|B| : 1	Bl (B) :262144	 Nlz : 5.49755e+11	 Bl ({A}) : 524288	S({A};B) : 786432	Cond Belief : 4.76839e-07
Fod size : 20	|A| : 19	|B| : 2	Bl (B) :532480	 Nlz : 5.49755e+11	 Bl ({A}) : 524288	S({A};B) : 2.10534e+06	Cond Belief : 9.68581e-07
Fod size : 20	|A| : 19	|B| : 3	Bl (B) :16432	 Nlz : 5.49755e+11	 Bl ({A}) : 524288	S({A};B) : 3.68645e+06	Cond Belief : 2.98899e-08
Fod size : 20	|A| : 19	|B| : 4	Bl (B) :33304	 Nlz : 5.49755e+11	 Bl ({A}) : 524288	S({A};B) : 7.89762e+06	Cond Belief : 6.05806e-08
Fod size : 20	|A| : 19	|B| : 5	Bl (B) :1.05005e+06	 Nlz : 5.49755e+11	 Bl ({A}) : 524288	S({A};B) : 1.7303e+07	Cond Belief : 1.91009e-06
Fod size : 20	|A| : 19	|B| : 6	Bl (B) :1.27824e+06	 Nlz : 5.49755e+11	 Bl ({A}) : 524288	S({A};B) : 3.43084e+07	Cond Belief : 2.32525e-06
Fod size : 20	|A| : 19	|B| : 7	Bl (B) :3.4128e+06	 Nlz : 5.49755e+11	 Bl ({A}) : 524288	S({A};B) : 6.99974e+07	Cond Belief : 6.20865e-06
Fod size : 20	|A| : 19	|B| : 8	Bl (B) :485120	 Nlz : 5.49755e+11	 Bl ({A}) : 524288	S({A};B) : 1.34179e+08	Cond Belief : 8.82645e-07
Fod size : 20	|A| : 19	|B| : 9	Bl (B) :2.69466e+07	 Nlz : 5.49755e+11	 Bl ({A}) : 524288	S({A};B) : 2.94858e+08	Cond Belief : 4.90419e-05
Fod size : 20	|A| : 19	|B| : 10	Bl (B) :1.63953e+08	 Nlz : 5.49755e+11	 Bl ({A}) : 524288	S({A};B) : 7.00299e+08	Cond Belief : 0.000298609
Fod size : 20	|A| : 19	|B| : 11	Bl (B) :3.65808e+08	 Nlz : 5.49755e+11	 Bl ({A}) : 524288	S({A};B) : 1.43903e+09	Cond Belief : 0.000667148
Fod size : 20	|A| : 19	|B| : 12	Bl (B) :6.49517e+08	 Nlz : 5.49755e+11	 Bl ({A}) : 524288	S({A};B) : 2.79648e+09	Cond Belief : 0.00118751
Fod size : 20	|A| : 19	|B| : 13	Bl (B) :1.33738e+09	 Nlz : 5.49755e+11	 Bl ({A}) : 524288	S({A};B) : 5.63182e+09	Cond Belief : 0.00245787
Fod size : 20	|A| : 19	|B| : 14	Bl (B) :2.07811e+09	 Nlz : 5.49755e+11	 Bl ({A}) : 524288	S({A};B) : 1.06675e+10	Cond Belief : 0.00385486
Fod size : 20	|A| : 19	|B| : 15	Bl (B) :8.04253e+09	 Nlz : 5.49755e+11	 Bl ({A}) : 524288	S({A};B) : 2.52219e+10	Cond Belief : 0.0153327
Fod size : 20	|A| : 19	|B| : 16	Bl (B) :1.39581e+10	 Nlz : 5.49755e+11	 Bl ({A}) : 524288	S({A};B) : 4.83173e+10	Cond Belief : 0.0278361
Fod size : 20	|A| : 19	|B| : 17	Bl (B) :3.43575e+10	 Nlz : 5.49755e+11	 Bl ({A}) : 524288	S({A};B) : 1.03076e+11	Cond Belief : 0.0769178
Fod size : 20	|A| : 19	|B| : 18	Bl (B) :6.86522e+10	 Nlz : 5.49755e+11	 Bl ({A}) : 524288	S({A};B) : 2.06091e+11	Cond Belief : 0.199766
Fod size : 20	|A| : 19	|B| : 19	Bl (B) :1.37439e+11	 Nlz : 5.49755e+11	 Bl ({A}) : 524288	S({A};B) : 4.12316e+11	Cond Belief : 1
Fod size : 20	|A| : 20	|B| : 1	Bl (B) :8192	 Nlz : 5.49755e+11	 Bl ({A}) : 0	S({A};B) : 0	Cond Belief : 1.49012e-08
Fod size : 20	|A| : 20	|B| : 2	Bl (B) :1.04861e+06	 Nlz : 5.49755e+11	 Bl ({A}) : 0	S({A};B) : 0	Cond Belief : 1.90741e-06
Fod size : 20	|A| : 20	|B| : 3	Bl (B) :1.05268e+06	 Nlz : 5.49755e+11	 Bl ({A}) : 0	S({A};B) : 0	Cond Belief : 1.91482e-06
Fod size : 20	|A| : 20	|B| : 4	Bl (B) :393296	 Nlz : 5.49755e+11	 Bl ({A}) : 0	S({A};B) : 0	Cond Belief : 7.15402e-07
Fod size : 20	|A| : 20	|B| : 5	Bl (B) :6.45555e+06	 Nlz : 5.49755e+11	 Bl ({A}) : 0	S({A};B) : 0	Cond Belief : 1.17426e-05
Fod size : 20	|A| : 20	|B| : 6	Bl (B) :1.78919e+07	 Nlz : 5.49755e+11	 Bl ({A}) : 0	S({A};B) : 0	Cond Belief : 3.25453e-05
Fod size : 20	|A| : 20	|B| : 7	Bl (B) :4.09766e+07	 Nlz : 5.49755e+11	 Bl ({A}) : 0	S({A};B) : 0	Cond Belief : 7.45361e-05
Fod size : 20	|A| : 20	|B| : 8	Bl (B) :2.55148e+07	 Nlz : 5.49755e+11	 Bl ({A}) : 0	S({A};B) : 0	Cond Belief : 4.64111e-05
Fod size : 20	|A| : 20	|B| : 9	Bl (B) :2.46023e+08	 Nlz : 5.49755e+11	 Bl ({A}) : 0	S({A};B) : 0	Cond Belief : 0.000447513
Fod size : 20	|A| : 20	|B| : 10	Bl (B) :2.18329e+08	 Nlz : 5.49755e+11	 Bl ({A}) : 0	S({A};B) : 0	Cond Belief : 0.000397138
Fod size : 20	|A| : 20	|B| : 11	Bl (B) :9.79194e+08	 Nlz : 5.49755e+11	 Bl ({A}) : 0	S({A};B) : 0	Cond Belief : 0.00178114
Fod size : 20	|A| : 20	|B| : 12	Bl (B) :6.18392e+08	 Nlz : 5.49755e+11	 Bl ({A}) : 0	S({A};B) : 0	Cond Belief : 0.00112485
Fod size : 20	|A| : 20	|B| : 13	Bl (B) :3.61279e+09	 Nlz : 5.49755e+11	 Bl ({A}) : 0	S({A};B) : 0	Cond Belief : 0.00657164
Fod size : 20	|A| : 20	|B| : 14	Bl (B) :2.13875e+09	 Nlz : 5.49755e+11	 Bl ({A}) : 0	S({A};B) : 0	Cond Belief : 0.00389037
Fod size : 20	|A| : 20	|B| : 15	Bl (B) :7.95212e+09	 Nlz : 5.49755e+11	 Bl ({A}) : 0	S({A};B) : 0	Cond Belief : 0.0144648
Fod size : 20	|A| : 20	|B| : 16	Bl (B) :3.30153e+10	 Nlz : 5.49755e+11	 Bl ({A}) : 0	S({A};B) : 0	Cond Belief : 0.0600545
Fod size : 20	|A| : 20	|B| : 17	Bl (B) :3.43424e+10	 Nlz : 5.49755e+11	 Bl ({A}) : 0	S({A};B) : 0	Cond Belief : 0.0624685
Fod size : 20	|A| : 20	|B| : 18	Bl (B) :1.37166e+11	 Nlz : 5.49755e+11	 Bl ({A}) : 0	S({A};B) : 0	Cond Belief : 0.249504
Fod size : 20	|A| : 20	|B| : 19	Bl (B) :2.74877e+11	 Nlz : 5.49755e+11	 Bl ({A}) : 0	S({A};B) : 0	Cond Belief : 0.5
Fod size : 20	|A| : 20	|B| : 20	Bl (B) :5.49755e+11	 Nlz : 5.49755e+11	 Bl ({A}) : 0	S({A};B) : 0	Cond Belief : 1
FoD size : 20 Time spent : 0
